Started GET "/" for ::1 at 2020-09-10 10:30:27 +0530
  [1m[35m (2.6ms)[0m  [1m[34mSELECT sqlite_version(*)[0m
Processing by WelcomeController#index as HTML
  Rendering welcome/index.html.erb within layouts/application
  Rendered welcome/index.html.erb within layouts/application (Duration: 1.3ms | Allocations: 300)
[Webpacker] Compiling...
[Webpacker] Compiled all packs in /home/proponent/Desktop/Mypro/public/packs
[Webpacker] Hash: 15d1bb7b54cf6326b9ba
Version: webpack 4.44.1
Time: 3557ms
Built at: 09/10/2020 10:30:34 AM
                                     Asset       Size       Chunks                         Chunk Names
    js/application-9afcbb5693aa87623e69.js    124 KiB  application  [emitted] [immutable]  application
js/application-9afcbb5693aa87623e69.js.map    139 KiB  application  [emitted] [dev]        application
                             manifest.json  364 bytes               [emitted]              
Entrypoint application = js/application-9afcbb5693aa87623e69.js js/application-9afcbb5693aa87623e69.js.map
[./app/javascript/channels sync recursive _channel\.js$] ./app/javascript/channels sync _channel\.js$ 160 bytes {application} [built]
[./app/javascript/channels/index.js] 211 bytes {application} [built]
[./app/javascript/packs/application.js] 749 bytes {application} [built]
[./node_modules/webpack/buildin/module.js] (webpack)/buildin/module.js 552 bytes {application} [built]
    + 3 hidden modules

Completed 200 OK in 6267ms (Views: 6256.8ms | ActiveRecord: 0.0ms | Allocations: 19089)


Started GET "/welcome" for ::1 at 2020-09-10 10:30:47 +0530
  
ActionController::RoutingError (No route matches [GET] "/welcome"):
  
actionpack (6.0.3.3) lib/action_dispatch/middleware/debug_exceptions.rb:36:in `call'
web-console (4.0.4) lib/web_console/middleware.rb:132:in `call_app'
web-console (4.0.4) lib/web_console/middleware.rb:28:in `block in call'
web-console (4.0.4) lib/web_console/middleware.rb:17:in `catch'
web-console (4.0.4) lib/web_console/middleware.rb:17:in `call'
actionpack (6.0.3.3) lib/action_dispatch/middleware/show_exceptions.rb:33:in `call'
railties (6.0.3.3) lib/rails/rack/logger.rb:37:in `call_app'
railties (6.0.3.3) lib/rails/rack/logger.rb:26:in `block in call'
activesupport (6.0.3.3) lib/active_support/tagged_logging.rb:80:in `block in tagged'
activesupport (6.0.3.3) lib/active_support/tagged_logging.rb:28:in `tagged'
activesupport (6.0.3.3) lib/active_support/tagged_logging.rb:80:in `tagged'
railties (6.0.3.3) lib/rails/rack/logger.rb:26:in `call'
sprockets-rails (3.2.1) lib/sprockets/rails/quiet_assets.rb:13:in `call'
actionpack (6.0.3.3) lib/action_dispatch/middleware/remote_ip.rb:81:in `call'
actionpack (6.0.3.3) lib/action_dispatch/middleware/request_id.rb:27:in `call'
rack (2.2.3) lib/rack/method_override.rb:24:in `call'
rack (2.2.3) lib/rack/runtime.rb:22:in `call'
activesupport (6.0.3.3) lib/active_support/cache/strategy/local_cache_middleware.rb:29:in `call'
actionpack (6.0.3.3) lib/action_dispatch/middleware/executor.rb:14:in `call'
actionpack (6.0.3.3) lib/action_dispatch/middleware/static.rb:126:in `call'
rack (2.2.3) lib/rack/sendfile.rb:110:in `call'
actionpack (6.0.3.3) lib/action_dispatch/middleware/host_authorization.rb:82:in `call'
webpacker (4.3.0) lib/webpacker/dev_server_proxy.rb:23:in `perform_request'
rack-proxy (0.6.5) lib/rack/proxy.rb:57:in `call'
railties (6.0.3.3) lib/rails/engine.rb:527:in `call'
puma (4.3.6) lib/puma/configuration.rb:228:in `call'
puma (4.3.6) lib/puma/server.rb:713:in `handle_request'
puma (4.3.6) lib/puma/server.rb:472:in `process_client'
puma (4.3.6) lib/puma/server.rb:328:in `block in run'
puma (4.3.6) lib/puma/thread_pool.rb:134:in `block in spawn_thread'
Started GET "/welcome/index" for ::1 at 2020-09-10 10:30:55 +0530
Processing by WelcomeController#index as HTML
  Rendering welcome/index.html.erb within layouts/application
  Rendered welcome/index.html.erb within layouts/application (Duration: 0.1ms | Allocations: 5)
[Webpacker] Everything's up-to-date. Nothing to do
Completed 200 OK in 12ms (Views: 11.3ms | ActiveRecord: 0.0ms | Allocations: 3335)


Started GET "/welcome/show" for ::1 at 2020-09-10 10:32:12 +0530
  [1m[35m (0.2ms)[0m  [1m[34mSELECT sqlite_version(*)[0m
  
ActionController::RoutingError (No route matches [GET] "/welcome/show"):
  
actionpack (6.0.3.3) lib/action_dispatch/middleware/debug_exceptions.rb:36:in `call'
web-console (4.0.4) lib/web_console/middleware.rb:132:in `call_app'
web-console (4.0.4) lib/web_console/middleware.rb:28:in `block in call'
web-console (4.0.4) lib/web_console/middleware.rb:17:in `catch'
web-console (4.0.4) lib/web_console/middleware.rb:17:in `call'
actionpack (6.0.3.3) lib/action_dispatch/middleware/show_exceptions.rb:33:in `call'
railties (6.0.3.3) lib/rails/rack/logger.rb:37:in `call_app'
railties (6.0.3.3) lib/rails/rack/logger.rb:26:in `block in call'
activesupport (6.0.3.3) lib/active_support/tagged_logging.rb:80:in `block in tagged'
activesupport (6.0.3.3) lib/active_support/tagged_logging.rb:28:in `tagged'
activesupport (6.0.3.3) lib/active_support/tagged_logging.rb:80:in `tagged'
railties (6.0.3.3) lib/rails/rack/logger.rb:26:in `call'
sprockets-rails (3.2.1) lib/sprockets/rails/quiet_assets.rb:13:in `call'
actionpack (6.0.3.3) lib/action_dispatch/middleware/remote_ip.rb:81:in `call'
actionpack (6.0.3.3) lib/action_dispatch/middleware/request_id.rb:27:in `call'
rack (2.2.3) lib/rack/method_override.rb:24:in `call'
rack (2.2.3) lib/rack/runtime.rb:22:in `call'
activesupport (6.0.3.3) lib/active_support/cache/strategy/local_cache_middleware.rb:29:in `call'
actionpack (6.0.3.3) lib/action_dispatch/middleware/executor.rb:14:in `call'
actionpack (6.0.3.3) lib/action_dispatch/middleware/static.rb:126:in `call'
rack (2.2.3) lib/rack/sendfile.rb:110:in `call'
actionpack (6.0.3.3) lib/action_dispatch/middleware/host_authorization.rb:82:in `call'
webpacker (4.3.0) lib/webpacker/dev_server_proxy.rb:23:in `perform_request'
rack-proxy (0.6.5) lib/rack/proxy.rb:57:in `call'
railties (6.0.3.3) lib/rails/engine.rb:527:in `call'
puma (4.3.6) lib/puma/configuration.rb:228:in `call'
puma (4.3.6) lib/puma/server.rb:713:in `handle_request'
puma (4.3.6) lib/puma/server.rb:472:in `process_client'
puma (4.3.6) lib/puma/server.rb:328:in `block in run'
puma (4.3.6) lib/puma/thread_pool.rb:134:in `block in spawn_thread'
Started GET "/welcome/show" for ::1 at 2020-09-10 10:32:31 +0530
  [1m[35m (0.1ms)[0m  [1m[34mSELECT sqlite_version(*)[0m
Processing by WelcomeController#show as HTML
  Rendering welcome/show.html.erb within layouts/application
  Rendered welcome/show.html.erb within layouts/application (Duration: 0.7ms | Allocations: 74)
[Webpacker] Everything's up-to-date. Nothing to do
Completed 200 OK in 11ms (Views: 10.0ms | ActiveRecord: 0.0ms | Allocations: 4273)


  [1m[35m (0.6ms)[0m  [1m[34mSELECT sqlite_version(*)[0m
  [1m[35m (111.1ms)[0m  [1m[35mCREATE TABLE "schema_migrations" ("version" varchar NOT NULL PRIMARY KEY)[0m
  [1m[35m (137.7ms)[0m  [1m[35mCREATE TABLE "ar_internal_metadata" ("key" varchar NOT NULL PRIMARY KEY, "value" varchar, "created_at" datetime(6) NOT NULL, "updated_at" datetime(6) NOT NULL)[0m
  [1m[35m (0.2ms)[0m  [1m[34mSELECT "schema_migrations"."version" FROM "schema_migrations" ORDER BY "schema_migrations"."version" ASC[0m
Migrating to DeviseCreateUsers (20200910050917)
  [1m[35m (0.1ms)[0m  [1m[36mbegin transaction[0m
  [1m[35m (0.5ms)[0m  [1m[35mCREATE TABLE "users" ("id" integer PRIMARY KEY AUTOINCREMENT NOT NULL, "email" varchar DEFAULT '' NOT NULL, "encrypted_password" varchar DEFAULT '' NOT NULL, "reset_password_token" varchar, "reset_password_sent_at" datetime, "remember_created_at" datetime, "created_at" datetime(6) NOT NULL, "updated_at" datetime(6) NOT NULL)[0m
  [1m[35m (0.3ms)[0m  [1m[35mCREATE UNIQUE INDEX "index_users_on_email" ON "users" ("email")[0m
  [1m[35m (0.2ms)[0m  [1m[35mCREATE UNIQUE INDEX "index_users_on_reset_password_token" ON "users" ("reset_password_token")[0m
  [1m[36mprimary::SchemaMigration Create (0.3ms)[0m  [1m[32mINSERT INTO "schema_migrations" ("version") VALUES (?)[0m  [["version", "20200910050917"]]
  [1m[35m (110.2ms)[0m  [1m[36mcommit transaction[0m
Migrating to DeviseCreateAdminUsers (20200910051600)
  [1m[35m (0.1ms)[0m  [1m[36mbegin transaction[0m
  [1m[35m (0.5ms)[0m  [1m[35mCREATE TABLE "admin_users" ("id" integer PRIMARY KEY AUTOINCREMENT NOT NULL, "email" varchar DEFAULT '' NOT NULL, "encrypted_password" varchar DEFAULT '' NOT NULL, "reset_password_token" varchar, "reset_password_sent_at" datetime, "remember_created_at" datetime, "created_at" datetime(6) NOT NULL, "updated_at" datetime(6) NOT NULL)[0m
  [1m[35m (0.2ms)[0m  [1m[35mCREATE UNIQUE INDEX "index_admin_users_on_email" ON "admin_users" ("email")[0m
  [1m[35m (0.1ms)[0m  [1m[35mCREATE UNIQUE INDEX "index_admin_users_on_reset_password_token" ON "admin_users" ("reset_password_token")[0m
  [1m[36mprimary::SchemaMigration Create (0.2ms)[0m  [1m[32mINSERT INTO "schema_migrations" ("version") VALUES (?)[0m  [["version", "20200910051600"]]
  [1m[35m (94.3ms)[0m  [1m[36mcommit transaction[0m
Migrating to CreateActiveAdminComments (20200910051606)
  [1m[35m (0.1ms)[0m  [1m[36mbegin transaction[0m
  [1m[35m (0.5ms)[0m  [1m[35mCREATE TABLE "active_admin_comments" ("id" integer PRIMARY KEY AUTOINCREMENT NOT NULL, "namespace" varchar, "body" text, "resource_type" varchar, "resource_id" integer, "author_type" varchar, "author_id" integer, "created_at" datetime(6) NOT NULL, "updated_at" datetime(6) NOT NULL)[0m
  [1m[35m (0.2ms)[0m  [1m[35mCREATE  INDEX "index_active_admin_comments_on_resource_type_and_resource_id" ON "active_admin_comments" ("resource_type", "resource_id")[0m
  [1m[35m (0.1ms)[0m  [1m[35mCREATE  INDEX "index_active_admin_comments_on_author_type_and_author_id" ON "active_admin_comments" ("author_type", "author_id")[0m
  [1m[35m (0.1ms)[0m  [1m[35mCREATE  INDEX "index_active_admin_comments_on_namespace" ON "active_admin_comments" ("namespace")[0m
  [1m[36mprimary::SchemaMigration Create (0.2ms)[0m  [1m[32mINSERT INTO "schema_migrations" ("version") VALUES (?)[0m  [["version", "20200910051606"]]
  [1m[35m (91.6ms)[0m  [1m[36mcommit transaction[0m
  [1m[36mActiveRecord::InternalMetadata Load (0.3ms)[0m  [1m[34mSELECT "ar_internal_metadata".* FROM "ar_internal_metadata" WHERE "ar_internal_metadata"."key" = ? LIMIT ?[0m  [["key", "environment"], ["LIMIT", 1]]
  [1m[35m (0.1ms)[0m  [1m[36mbegin transaction[0m
  [1m[36mActiveRecord::InternalMetadata Create (0.5ms)[0m  [1m[32mINSERT INTO "ar_internal_metadata" ("key", "value", "created_at", "updated_at") VALUES (?, ?, ?, ?)[0m  [["key", "environment"], ["value", "development"], ["created_at", "2020-09-10 05:16:20.448955"], ["updated_at", "2020-09-10 05:16:20.448955"]]
  [1m[35m (102.5ms)[0m  [1m[36mcommit transaction[0m
  [1m[35m (0.1ms)[0m  [1m[34mSELECT sqlite_version(*)[0m
  [1m[35m (0.1ms)[0m  [1m[34mSELECT "schema_migrations"."version" FROM "schema_migrations" ORDER BY "schema_migrations"."version" ASC[0m
Started GET "/welcome/show" for ::1 at 2020-09-10 10:47:06 +0530
  [1m[35m (0.7ms)[0m  [1m[34mSELECT sqlite_version(*)[0m
  [1m[35m (0.3ms)[0m  [1m[34mSELECT "schema_migrations"."version" FROM "schema_migrations" ORDER BY "schema_migrations"."version" ASC[0m
Processing by WelcomeController#show as HTML
  Rendering welcome/show.html.erb within layouts/application
  Rendered welcome/show.html.erb within layouts/application (Duration: 13.0ms | Allocations: 185)
[Webpacker] Everything's up-to-date. Nothing to do
Completed 200 OK in 970ms (Views: 960.8ms | ActiveRecord: 0.0ms | Allocations: 175132)


Started GET "/dashboard" for ::1 at 2020-09-10 10:47:14 +0530
  
ActionController::RoutingError (No route matches [GET] "/dashboard"):
  
actionpack (6.0.3.3) lib/action_dispatch/middleware/debug_exceptions.rb:36:in `call'
web-console (4.0.4) lib/web_console/middleware.rb:132:in `call_app'
web-console (4.0.4) lib/web_console/middleware.rb:28:in `block in call'
web-console (4.0.4) lib/web_console/middleware.rb:17:in `catch'
web-console (4.0.4) lib/web_console/middleware.rb:17:in `call'
actionpack (6.0.3.3) lib/action_dispatch/middleware/show_exceptions.rb:33:in `call'
railties (6.0.3.3) lib/rails/rack/logger.rb:37:in `call_app'
railties (6.0.3.3) lib/rails/rack/logger.rb:26:in `block in call'
activesupport (6.0.3.3) lib/active_support/tagged_logging.rb:80:in `block in tagged'
activesupport (6.0.3.3) lib/active_support/tagged_logging.rb:28:in `tagged'
activesupport (6.0.3.3) lib/active_support/tagged_logging.rb:80:in `tagged'
railties (6.0.3.3) lib/rails/rack/logger.rb:26:in `call'
sprockets-rails (3.2.1) lib/sprockets/rails/quiet_assets.rb:13:in `call'
actionpack (6.0.3.3) lib/action_dispatch/middleware/remote_ip.rb:81:in `call'
actionpack (6.0.3.3) lib/action_dispatch/middleware/request_id.rb:27:in `call'
rack (2.2.3) lib/rack/method_override.rb:24:in `call'
rack (2.2.3) lib/rack/runtime.rb:22:in `call'
activesupport (6.0.3.3) lib/active_support/cache/strategy/local_cache_middleware.rb:29:in `call'
actionpack (6.0.3.3) lib/action_dispatch/middleware/executor.rb:14:in `call'
actionpack (6.0.3.3) lib/action_dispatch/middleware/static.rb:126:in `call'
rack (2.2.3) lib/rack/sendfile.rb:110:in `call'
actionpack (6.0.3.3) lib/action_dispatch/middleware/host_authorization.rb:82:in `call'
webpacker (4.3.0) lib/webpacker/dev_server_proxy.rb:23:in `perform_request'
rack-proxy (0.6.5) lib/rack/proxy.rb:57:in `call'
railties (6.0.3.3) lib/rails/engine.rb:527:in `call'
puma (4.3.6) lib/puma/configuration.rb:228:in `call'
puma (4.3.6) lib/puma/server.rb:713:in `handle_request'
puma (4.3.6) lib/puma/server.rb:472:in `process_client'
puma (4.3.6) lib/puma/server.rb:328:in `block in run'
puma (4.3.6) lib/puma/thread_pool.rb:134:in `block in spawn_thread'
Started GET "/dashboard" for ::1 at 2020-09-10 10:47:23 +0530
  
ActionController::RoutingError (No route matches [GET] "/dashboard"):
  
actionpack (6.0.3.3) lib/action_dispatch/middleware/debug_exceptions.rb:36:in `call'
web-console (4.0.4) lib/web_console/middleware.rb:132:in `call_app'
web-console (4.0.4) lib/web_console/middleware.rb:28:in `block in call'
web-console (4.0.4) lib/web_console/middleware.rb:17:in `catch'
web-console (4.0.4) lib/web_console/middleware.rb:17:in `call'
actionpack (6.0.3.3) lib/action_dispatch/middleware/show_exceptions.rb:33:in `call'
railties (6.0.3.3) lib/rails/rack/logger.rb:37:in `call_app'
railties (6.0.3.3) lib/rails/rack/logger.rb:26:in `block in call'
activesupport (6.0.3.3) lib/active_support/tagged_logging.rb:80:in `block in tagged'
activesupport (6.0.3.3) lib/active_support/tagged_logging.rb:28:in `tagged'
activesupport (6.0.3.3) lib/active_support/tagged_logging.rb:80:in `tagged'
railties (6.0.3.3) lib/rails/rack/logger.rb:26:in `call'
sprockets-rails (3.2.1) lib/sprockets/rails/quiet_assets.rb:13:in `call'
actionpack (6.0.3.3) lib/action_dispatch/middleware/remote_ip.rb:81:in `call'
actionpack (6.0.3.3) lib/action_dispatch/middleware/request_id.rb:27:in `call'
rack (2.2.3) lib/rack/method_override.rb:24:in `call'
rack (2.2.3) lib/rack/runtime.rb:22:in `call'
activesupport (6.0.3.3) lib/active_support/cache/strategy/local_cache_middleware.rb:29:in `call'
actionpack (6.0.3.3) lib/action_dispatch/middleware/executor.rb:14:in `call'
actionpack (6.0.3.3) lib/action_dispatch/middleware/static.rb:126:in `call'
rack (2.2.3) lib/rack/sendfile.rb:110:in `call'
actionpack (6.0.3.3) lib/action_dispatch/middleware/host_authorization.rb:82:in `call'
webpacker (4.3.0) lib/webpacker/dev_server_proxy.rb:23:in `perform_request'
rack-proxy (0.6.5) lib/rack/proxy.rb:57:in `call'
railties (6.0.3.3) lib/rails/engine.rb:527:in `call'
puma (4.3.6) lib/puma/configuration.rb:228:in `call'
puma (4.3.6) lib/puma/server.rb:713:in `handle_request'
puma (4.3.6) lib/puma/server.rb:472:in `process_client'
puma (4.3.6) lib/puma/server.rb:328:in `block in run'
puma (4.3.6) lib/puma/thread_pool.rb:134:in `block in spawn_thread'
Started GET "/admin" for ::1 at 2020-09-10 10:47:48 +0530
Processing by Admin::DashboardController#index as HTML
Completed 401 Unauthorized in 4ms (ActiveRecord: 0.0ms | Allocations: 412)


Started GET "/admin/login" for ::1 at 2020-09-10 10:47:48 +0530
Processing by ActiveAdmin::Devise::SessionsController#new as HTML
  Rendering /home/proponent/.rvm/gems/ruby-2.7.1/gems/activeadmin-2.8.0/app/views/active_admin/devise/sessions/new.html.erb within layouts/active_admin_logged_out
  Rendered /home/proponent/.rvm/gems/ruby-2.7.1/gems/activeadmin-2.8.0/app/views/active_admin/devise/shared/_links.erb (Duration: 2.0ms | Allocations: 575)
  Rendered /home/proponent/.rvm/gems/ruby-2.7.1/gems/activeadmin-2.8.0/app/views/active_admin/devise/sessions/new.html.erb within layouts/active_admin_logged_out (Duration: 166.2ms | Allocations: 10003)
Completed 200 OK in 585ms (Views: 530.3ms | ActiveRecord: 1.1ms | Allocations: 82627)


Started POST "/admin/login" for ::1 at 2020-09-10 10:48:02 +0530
Processing by ActiveAdmin::Devise::SessionsController#create as HTML
  Parameters: {"authenticity_token"=>"oZIQLQGaUXQwShsfIGTYhaL0h291oSHsPuB4M9UBtSCUIRmQPdKVzIzVtsk8bqLv6rV+TBW1x5nMsKZF0LE8HA==", "admin_user"=>{"email"=>"admin@example.com", "password"=>"[FILTERED]", "remember_me"=>"0"}, "commit"=>"Login"}
  [1m[36mAdminUser Load (0.3ms)[0m  [1m[34mSELECT "admin_users".* FROM "admin_users" WHERE "admin_users"."email" = ? ORDER BY "admin_users"."id" ASC LIMIT ?[0m  [["email", "admin@example.com"], ["LIMIT", 1]]
Completed 401 Unauthorized in 25ms (ActiveRecord: 0.3ms | Allocations: 2440)


Processing by ActiveAdmin::Devise::SessionsController#new as HTML
  Parameters: {"authenticity_token"=>"oZIQLQGaUXQwShsfIGTYhaL0h291oSHsPuB4M9UBtSCUIRmQPdKVzIzVtsk8bqLv6rV+TBW1x5nMsKZF0LE8HA==", "admin_user"=>{"email"=>"admin@example.com", "password"=>"[FILTERED]", "remember_me"=>"0"}, "commit"=>"Login"}
  Rendering /home/proponent/.rvm/gems/ruby-2.7.1/gems/activeadmin-2.8.0/app/views/active_admin/devise/sessions/new.html.erb within layouts/active_admin_logged_out
  Rendered /home/proponent/.rvm/gems/ruby-2.7.1/gems/activeadmin-2.8.0/app/views/active_admin/devise/shared/_links.erb (Duration: 0.3ms | Allocations: 95)
  Rendered /home/proponent/.rvm/gems/ruby-2.7.1/gems/activeadmin-2.8.0/app/views/active_admin/devise/sessions/new.html.erb within layouts/active_admin_logged_out (Duration: 9.7ms | Allocations: 6148)
Completed 200 OK in 329ms (Views: 36.8ms | ActiveRecord: 0.0ms | Allocations: 20086)


Started POST "/admin/login" for ::1 at 2020-09-10 10:48:15 +0530
Processing by ActiveAdmin::Devise::SessionsController#create as HTML
  Parameters: {"authenticity_token"=>"tkug0fc13XPw37UzxgYQPiquUjVTmtf6PK+c5dDGIWGD+Klsy30Zy0xAGOXaDGpUYu+rFjOOMY/O/0KT1XaoXQ==", "admin_user"=>{"email"=>"admin@example.com", "password"=>"[FILTERED]", "remember_me"=>"1"}, "commit"=>"Login"}
  [1m[36mAdminUser Load (0.2ms)[0m  [1m[34mSELECT "admin_users".* FROM "admin_users" WHERE "admin_users"."email" = ? ORDER BY "admin_users"."id" ASC LIMIT ?[0m  [["email", "admin@example.com"], ["LIMIT", 1]]
Completed 401 Unauthorized in 5ms (ActiveRecord: 0.2ms | Allocations: 1807)


Processing by ActiveAdmin::Devise::SessionsController#new as HTML
  Parameters: {"authenticity_token"=>"tkug0fc13XPw37UzxgYQPiquUjVTmtf6PK+c5dDGIWGD+Klsy30Zy0xAGOXaDGpUYu+rFjOOMY/O/0KT1XaoXQ==", "admin_user"=>{"email"=>"admin@example.com", "password"=>"[FILTERED]", "remember_me"=>"1"}, "commit"=>"Login"}
  Rendering /home/proponent/.rvm/gems/ruby-2.7.1/gems/activeadmin-2.8.0/app/views/active_admin/devise/sessions/new.html.erb within layouts/active_admin_logged_out
  Rendered /home/proponent/.rvm/gems/ruby-2.7.1/gems/activeadmin-2.8.0/app/views/active_admin/devise/shared/_links.erb (Duration: 0.3ms | Allocations: 92)
  Rendered /home/proponent/.rvm/gems/ruby-2.7.1/gems/activeadmin-2.8.0/app/views/active_admin/devise/sessions/new.html.erb within layouts/active_admin_logged_out (Duration: 9.4ms | Allocations: 5584)
Completed 200 OK in 295ms (Views: 39.8ms | ActiveRecord: 0.0ms | Allocations: 18538)


Started POST "/admin/login" for ::1 at 2020-09-10 10:50:33 +0530
  [1m[35m (0.6ms)[0m  [1m[34mSELECT sqlite_version(*)[0m
  [1m[35m (0.2ms)[0m  [1m[34mSELECT "schema_migrations"."version" FROM "schema_migrations" ORDER BY "schema_migrations"."version" ASC[0m
Processing by ActiveAdmin::Devise::SessionsController#create as HTML
  Parameters: {"authenticity_token"=>"tkug0fc13XPw37UzxgYQPiquUjVTmtf6PK+c5dDGIWGD+Klsy30Zy0xAGOXaDGpUYu+rFjOOMY/O/0KT1XaoXQ==", "admin_user"=>{"email"=>"admin@example.com", "password"=>"[FILTERED]", "remember_me"=>"1"}, "commit"=>"Login"}
  [1m[36mAdminUser Load (0.2ms)[0m  [1m[34mSELECT "admin_users".* FROM "admin_users" WHERE "admin_users"."email" = ? ORDER BY "admin_users"."id" ASC LIMIT ?[0m  [["email", "admin@example.com"], ["LIMIT", 1]]
Completed 401 Unauthorized in 27ms (ActiveRecord: 1.0ms | Allocations: 3204)


Processing by ActiveAdmin::Devise::SessionsController#new as HTML
  Parameters: {"authenticity_token"=>"tkug0fc13XPw37UzxgYQPiquUjVTmtf6PK+c5dDGIWGD+Klsy30Zy0xAGOXaDGpUYu+rFjOOMY/O/0KT1XaoXQ==", "admin_user"=>{"email"=>"admin@example.com", "password"=>"[FILTERED]", "remember_me"=>"1"}, "commit"=>"Login"}
  Rendering /home/proponent/.rvm/gems/ruby-2.7.1/gems/activeadmin-2.8.0/app/views/active_admin/devise/sessions/new.html.erb within layouts/active_admin_logged_out
  Rendered /home/proponent/.rvm/gems/ruby-2.7.1/gems/activeadmin-2.8.0/app/views/active_admin/devise/shared/_links.erb (Duration: 3.3ms | Allocations: 749)
  Rendered /home/proponent/.rvm/gems/ruby-2.7.1/gems/activeadmin-2.8.0/app/views/active_admin/devise/sessions/new.html.erb within layouts/active_admin_logged_out (Duration: 21.1ms | Allocations: 9143)
Completed 200 OK in 447ms (Views: 175.7ms | ActiveRecord: 0.0ms | Allocations: 46122)


Started POST "/admin/login" for ::1 at 2020-09-10 10:50:43 +0530
Processing by ActiveAdmin::Devise::SessionsController#create as HTML
  Parameters: {"authenticity_token"=>"mZwnuFcfqWo5V5GX8BvBVifGsofbESPsP8rxMxsQDDOsLy4Fa1dt0oXIPEHsEbs8b4dLpLsFxZnNmi9FHqCFDw==", "admin_user"=>{"email"=>"admin@example.com", "password"=>"[FILTERED]", "remember_me"=>"1"}, "commit"=>"Login"}
  [1m[36mAdminUser Load (0.3ms)[0m  [1m[34mSELECT "admin_users".* FROM "admin_users" WHERE "admin_users"."email" = ? ORDER BY "admin_users"."id" ASC LIMIT ?[0m  [["email", "admin@example.com"], ["LIMIT", 1]]
Completed 401 Unauthorized in 6ms (ActiveRecord: 0.3ms | Allocations: 1804)


Processing by ActiveAdmin::Devise::SessionsController#new as HTML
  Parameters: {"authenticity_token"=>"mZwnuFcfqWo5V5GX8BvBVifGsofbESPsP8rxMxsQDDOsLy4Fa1dt0oXIPEHsEbs8b4dLpLsFxZnNmi9FHqCFDw==", "admin_user"=>{"email"=>"admin@example.com", "password"=>"[FILTERED]", "remember_me"=>"1"}, "commit"=>"Login"}
  Rendering /home/proponent/.rvm/gems/ruby-2.7.1/gems/activeadmin-2.8.0/app/views/active_admin/devise/sessions/new.html.erb within layouts/active_admin_logged_out
  Rendered /home/proponent/.rvm/gems/ruby-2.7.1/gems/activeadmin-2.8.0/app/views/active_admin/devise/shared/_links.erb (Duration: 0.3ms | Allocations: 95)
  Rendered /home/proponent/.rvm/gems/ruby-2.7.1/gems/activeadmin-2.8.0/app/views/active_admin/devise/sessions/new.html.erb within layouts/active_admin_logged_out (Duration: 8.3ms | Allocations: 5603)
Completed 200 OK in 292ms (Views: 34.9ms | ActiveRecord: 0.0ms | Allocations: 18566)


Started GET "/admin" for ::1 at 2020-09-10 10:50:51 +0530
Processing by Admin::DashboardController#index as HTML
Completed 401 Unauthorized in 1ms (ActiveRecord: 0.0ms | Allocations: 404)


Started GET "/admin/login" for ::1 at 2020-09-10 10:50:51 +0530
Processing by ActiveAdmin::Devise::SessionsController#new as HTML
  Rendering /home/proponent/.rvm/gems/ruby-2.7.1/gems/activeadmin-2.8.0/app/views/active_admin/devise/sessions/new.html.erb within layouts/active_admin_logged_out
  Rendered /home/proponent/.rvm/gems/ruby-2.7.1/gems/activeadmin-2.8.0/app/views/active_admin/devise/shared/_links.erb (Duration: 1.1ms | Allocations: 92)
  Rendered /home/proponent/.rvm/gems/ruby-2.7.1/gems/activeadmin-2.8.0/app/views/active_admin/devise/sessions/new.html.erb within layouts/active_admin_logged_out (Duration: 16.0ms | Allocations: 6110)
Completed 200 OK in 50ms (Views: 48.1ms | ActiveRecord: 0.0ms | Allocations: 19166)


Started GET "/" for ::1 at 2020-09-10 10:50:58 +0530
Processing by WelcomeController#index as HTML
  Rendering welcome/index.html.erb within layouts/application
  Rendered welcome/index.html.erb within layouts/application (Duration: 0.7ms | Allocations: 80)
[Webpacker] Everything's up-to-date. Nothing to do
Completed 200 OK in 29ms (Views: 27.3ms | ActiveRecord: 0.0ms | Allocations: 6535)


Started GET "/" for ::1 at 2020-09-10 10:52:08 +0530
Processing by WelcomeController#index as HTML
  Rendering welcome/index.html.erb within layouts/application
  Rendered welcome/index.html.erb within layouts/application (Duration: 0.4ms | Allocations: 75)
[Webpacker] Everything's up-to-date. Nothing to do
Completed 200 OK in 16ms (Views: 14.0ms | ActiveRecord: 0.0ms | Allocations: 6320)


Started GET "/dashboard" for ::1 at 2020-09-10 10:52:16 +0530
  
ActionController::RoutingError (No route matches [GET] "/dashboard"):
  
actionpack (6.0.3.3) lib/action_dispatch/middleware/debug_exceptions.rb:36:in `call'
web-console (4.0.4) lib/web_console/middleware.rb:132:in `call_app'
web-console (4.0.4) lib/web_console/middleware.rb:28:in `block in call'
web-console (4.0.4) lib/web_console/middleware.rb:17:in `catch'
web-console (4.0.4) lib/web_console/middleware.rb:17:in `call'
actionpack (6.0.3.3) lib/action_dispatch/middleware/show_exceptions.rb:33:in `call'
railties (6.0.3.3) lib/rails/rack/logger.rb:37:in `call_app'
railties (6.0.3.3) lib/rails/rack/logger.rb:26:in `block in call'
activesupport (6.0.3.3) lib/active_support/tagged_logging.rb:80:in `block in tagged'
activesupport (6.0.3.3) lib/active_support/tagged_logging.rb:28:in `tagged'
activesupport (6.0.3.3) lib/active_support/tagged_logging.rb:80:in `tagged'
railties (6.0.3.3) lib/rails/rack/logger.rb:26:in `call'
sprockets-rails (3.2.1) lib/sprockets/rails/quiet_assets.rb:13:in `call'
actionpack (6.0.3.3) lib/action_dispatch/middleware/remote_ip.rb:81:in `call'
actionpack (6.0.3.3) lib/action_dispatch/middleware/request_id.rb:27:in `call'
rack (2.2.3) lib/rack/method_override.rb:24:in `call'
rack (2.2.3) lib/rack/runtime.rb:22:in `call'
activesupport (6.0.3.3) lib/active_support/cache/strategy/local_cache_middleware.rb:29:in `call'
actionpack (6.0.3.3) lib/action_dispatch/middleware/executor.rb:14:in `call'
actionpack (6.0.3.3) lib/action_dispatch/middleware/static.rb:126:in `call'
rack (2.2.3) lib/rack/sendfile.rb:110:in `call'
actionpack (6.0.3.3) lib/action_dispatch/middleware/host_authorization.rb:82:in `call'
webpacker (4.3.0) lib/webpacker/dev_server_proxy.rb:23:in `perform_request'
rack-proxy (0.6.5) lib/rack/proxy.rb:57:in `call'
railties (6.0.3.3) lib/rails/engine.rb:527:in `call'
puma (4.3.6) lib/puma/configuration.rb:228:in `call'
puma (4.3.6) lib/puma/server.rb:713:in `handle_request'
puma (4.3.6) lib/puma/server.rb:472:in `process_client'
puma (4.3.6) lib/puma/server.rb:328:in `block in run'
puma (4.3.6) lib/puma/thread_pool.rb:134:in `block in spawn_thread'
Started GET "/admin" for ::1 at 2020-09-10 10:52:20 +0530
Processing by Admin::DashboardController#index as HTML
Completed 401 Unauthorized in 2ms (ActiveRecord: 0.0ms | Allocations: 313)


Started GET "/admin/login" for ::1 at 2020-09-10 10:52:20 +0530
Processing by ActiveAdmin::Devise::SessionsController#new as HTML
  Rendering /home/proponent/.rvm/gems/ruby-2.7.1/gems/activeadmin-2.8.0/app/views/active_admin/devise/sessions/new.html.erb within layouts/active_admin_logged_out
  Rendered /home/proponent/.rvm/gems/ruby-2.7.1/gems/activeadmin-2.8.0/app/views/active_admin/devise/shared/_links.erb (Duration: 1.4ms | Allocations: 512)
  Rendered /home/proponent/.rvm/gems/ruby-2.7.1/gems/activeadmin-2.8.0/app/views/active_admin/devise/sessions/new.html.erb within layouts/active_admin_logged_out (Duration: 12.9ms | Allocations: 6450)
Completed 200 OK in 54ms (Views: 51.6ms | ActiveRecord: 0.0ms | Allocations: 20683)


Started POST "/admin/login" for ::1 at 2020-09-10 10:52:34 +0530
Processing by ActiveAdmin::Devise::SessionsController#create as HTML
  Parameters: {"authenticity_token"=>"GCLFVpLvRazPzdR32Hrdnb1W8yADRzpJzE2dnCsNr4ItkczrrqeBFHNSeaHEcKf39RcKA2NT3Dw+HUPqLr0mvg==", "admin_user"=>{"email"=>"admin@example.com", "password"=>"[FILTERED]", "remember_me"=>"0"}, "commit"=>"Login"}
  [1m[36mAdminUser Load (0.3ms)[0m  [1m[34mSELECT "admin_users".* FROM "admin_users" WHERE "admin_users"."email" = ? ORDER BY "admin_users"."id" ASC LIMIT ?[0m  [["email", "admin@example.com"], ["LIMIT", 1]]
Completed 401 Unauthorized in 6ms (ActiveRecord: 0.3ms | Allocations: 1844)


Processing by ActiveAdmin::Devise::SessionsController#new as HTML
  Parameters: {"authenticity_token"=>"GCLFVpLvRazPzdR32Hrdnb1W8yADRzpJzE2dnCsNr4ItkczrrqeBFHNSeaHEcKf39RcKA2NT3Dw+HUPqLr0mvg==", "admin_user"=>{"email"=>"admin@example.com", "password"=>"[FILTERED]", "remember_me"=>"0"}, "commit"=>"Login"}
  Rendering /home/proponent/.rvm/gems/ruby-2.7.1/gems/activeadmin-2.8.0/app/views/active_admin/devise/sessions/new.html.erb within layouts/active_admin_logged_out
  Rendered /home/proponent/.rvm/gems/ruby-2.7.1/gems/activeadmin-2.8.0/app/views/active_admin/devise/shared/_links.erb (Duration: 0.3ms | Allocations: 95)
  Rendered /home/proponent/.rvm/gems/ruby-2.7.1/gems/activeadmin-2.8.0/app/views/active_admin/devise/sessions/new.html.erb within layouts/active_admin_logged_out (Duration: 8.5ms | Allocations: 5601)
Completed 200 OK in 287ms (Views: 30.8ms | ActiveRecord: 0.0ms | Allocations: 18874)


  [1m[35m (0.5ms)[0m  [1m[34mSELECT sqlite_version(*)[0m
  [1m[35m (0.1ms)[0m  [1m[34mSELECT sqlite_version(*)[0m
  [1m[35m (0.3ms)[0m  [1m[34mSELECT "schema_migrations"."version" FROM "schema_migrations" ORDER BY "schema_migrations"."version" ASC[0m
  [1m[36mActiveRecord::InternalMetadata Load (0.3ms)[0m  [1m[34mSELECT "ar_internal_metadata".* FROM "ar_internal_metadata" WHERE "ar_internal_metadata"."key" = ? LIMIT ?[0m  [["key", "environment"], ["LIMIT", 1]]
  [1m[35m (0.1ms)[0m  [1m[34mSELECT sqlite_version(*)[0m
  [1m[35m (0.2ms)[0m  [1m[34mSELECT "schema_migrations"."version" FROM "schema_migrations" ORDER BY "schema_migrations"."version" ASC[0m
  [1m[35m (0.1ms)[0m  [1m[34mSELECT sqlite_version(*)[0m
  [1m[35m (1.1ms)[0m  [1m[34mSELECT "schema_migrations"."version" FROM "schema_migrations" ORDER BY "schema_migrations"."version" ASC[0m
  [1m[35m (0.1ms)[0m  [1m[34mSELECT sqlite_version(*)[0m
  [1m[35m (0.1ms)[0m  [1m[36mbegin transaction[0m
  [1m[36mAdminUser Exists? (0.2ms)[0m  [1m[34mSELECT 1 AS one FROM "admin_users" WHERE "admin_users"."email" = ? LIMIT ?[0m  [["email", "admin@example.com"], ["LIMIT", 1]]
  [1m[36mAdminUser Create (0.4ms)[0m  [1m[32mINSERT INTO "admin_users" ("email", "encrypted_password", "created_at", "updated_at") VALUES (?, ?, ?, ?)[0m  [["email", "admin@example.com"], ["encrypted_password", "$2a$12$yroRSs1qFSd4e1EMo9iTV./298lsqe.s7gHB.H9vmaii6KCc1iwI."], ["created_at", "2020-09-10 05:23:05.272887"], ["updated_at", "2020-09-10 05:23:05.272887"]]
  [1m[35m (64.0ms)[0m  [1m[36mcommit transaction[0m
  [1m[35m (0.5ms)[0m  [1m[34mSELECT sqlite_version(*)[0m
  [1m[35m (0.2ms)[0m  [1m[34mSELECT "schema_migrations"."version" FROM "schema_migrations" ORDER BY "schema_migrations"."version" ASC[0m
  [1m[35m (0.2ms)[0m  [1m[34mSELECT "ar_internal_metadata"."value" FROM "ar_internal_metadata" WHERE "ar_internal_metadata"."key" = ?[0m  [["key", "environment"]]
  [1m[35m (0.1ms)[0m  [1m[34mSELECT "schema_migrations"."version" FROM "schema_migrations" ORDER BY "schema_migrations"."version" ASC[0m
  [1m[35m (0.1ms)[0m  [1m[34mSELECT "ar_internal_metadata"."value" FROM "ar_internal_metadata" WHERE "ar_internal_metadata"."key" = ?[0m  [["key", "environment"]]
  [1m[35m (0.1ms)[0m  [1m[34mSELECT "schema_migrations"."version" FROM "schema_migrations" ORDER BY "schema_migrations"."version" ASC[0m
  [1m[35m (0.1ms)[0m  [1m[34mSELECT "ar_internal_metadata"."value" FROM "ar_internal_metadata" WHERE "ar_internal_metadata"."key" = ?[0m  [["key", "environment"]]
  [1m[35m (0.4ms)[0m  [1m[34mSELECT sqlite_version(*)[0m
  [1m[35m (0.1ms)[0m  [1m[34mSELECT sqlite_version(*)[0m
  [1m[35m (0.1ms)[0m  [1m[34mSELECT sqlite_version(*)[0m
  [1m[35m (130.9ms)[0m  [1m[35mCREATE TABLE "schema_migrations" ("version" varchar NOT NULL PRIMARY KEY)[0m
  [1m[35m (106.7ms)[0m  [1m[35mCREATE TABLE "ar_internal_metadata" ("key" varchar NOT NULL PRIMARY KEY, "value" varchar, "created_at" datetime(6) NOT NULL, "updated_at" datetime(6) NOT NULL)[0m
  [1m[35m (0.2ms)[0m  [1m[34mSELECT "schema_migrations"."version" FROM "schema_migrations" ORDER BY "schema_migrations"."version" ASC[0m
Migrating to DeviseCreateUsers (20200910050917)
  [1m[35m (0.1ms)[0m  [1m[36mbegin transaction[0m
  [1m[35m (0.6ms)[0m  [1m[35mCREATE TABLE "users" ("id" integer PRIMARY KEY AUTOINCREMENT NOT NULL, "email" varchar DEFAULT '' NOT NULL, "encrypted_password" varchar DEFAULT '' NOT NULL, "reset_password_token" varchar, "reset_password_sent_at" datetime, "remember_created_at" datetime, "created_at" datetime(6) NOT NULL, "updated_at" datetime(6) NOT NULL)[0m
  [1m[35m (0.4ms)[0m  [1m[35mCREATE UNIQUE INDEX "index_users_on_email" ON "users" ("email")[0m
  [1m[35m (0.1ms)[0m  [1m[35mCREATE UNIQUE INDEX "index_users_on_reset_password_token" ON "users" ("reset_password_token")[0m
  [1m[36mprimary::SchemaMigration Create (0.3ms)[0m  [1m[32mINSERT INTO "schema_migrations" ("version") VALUES (?)[0m  [["version", "20200910050917"]]
  [1m[35m (110.4ms)[0m  [1m[36mcommit transaction[0m
Migrating to DeviseCreateAdminUsers (20200910051600)
  [1m[35m (0.1ms)[0m  [1m[36mbegin transaction[0m
  [1m[35m (0.5ms)[0m  [1m[35mCREATE TABLE "admin_users" ("id" integer PRIMARY KEY AUTOINCREMENT NOT NULL, "email" varchar DEFAULT '' NOT NULL, "encrypted_password" varchar DEFAULT '' NOT NULL, "reset_password_token" varchar, "reset_password_sent_at" datetime, "remember_created_at" datetime, "created_at" datetime(6) NOT NULL, "updated_at" datetime(6) NOT NULL)[0m
  [1m[35m (0.2ms)[0m  [1m[35mCREATE UNIQUE INDEX "index_admin_users_on_email" ON "admin_users" ("email")[0m
  [1m[35m (0.2ms)[0m  [1m[35mCREATE UNIQUE INDEX "index_admin_users_on_reset_password_token" ON "admin_users" ("reset_password_token")[0m
  [1m[36mprimary::SchemaMigration Create (0.3ms)[0m  [1m[32mINSERT INTO "schema_migrations" ("version") VALUES (?)[0m  [["version", "20200910051600"]]
  [1m[35m (89.2ms)[0m  [1m[36mcommit transaction[0m
Migrating to CreateActiveAdminComments (20200910051606)
  [1m[35m (0.1ms)[0m  [1m[36mbegin transaction[0m
  [1m[35m (0.5ms)[0m  [1m[35mCREATE TABLE "active_admin_comments" ("id" integer PRIMARY KEY AUTOINCREMENT NOT NULL, "namespace" varchar, "body" text, "resource_type" varchar, "resource_id" integer, "author_type" varchar, "author_id" integer, "created_at" datetime(6) NOT NULL, "updated_at" datetime(6) NOT NULL)[0m
  [1m[35m (0.2ms)[0m  [1m[35mCREATE  INDEX "index_active_admin_comments_on_resource_type_and_resource_id" ON "active_admin_comments" ("resource_type", "resource_id")[0m
  [1m[35m (0.3ms)[0m  [1m[35mCREATE  INDEX "index_active_admin_comments_on_author_type_and_author_id" ON "active_admin_comments" ("author_type", "author_id")[0m
  [1m[35m (0.2ms)[0m  [1m[35mCREATE  INDEX "index_active_admin_comments_on_namespace" ON "active_admin_comments" ("namespace")[0m
  [1m[36mprimary::SchemaMigration Create (0.2ms)[0m  [1m[32mINSERT INTO "schema_migrations" ("version") VALUES (?)[0m  [["version", "20200910051606"]]
  [1m[35m (106.0ms)[0m  [1m[36mcommit transaction[0m
  [1m[36mActiveRecord::InternalMetadata Load (0.2ms)[0m  [1m[34mSELECT "ar_internal_metadata".* FROM "ar_internal_metadata" WHERE "ar_internal_metadata"."key" = ? LIMIT ?[0m  [["key", "environment"], ["LIMIT", 1]]
  [1m[35m (0.1ms)[0m  [1m[36mbegin transaction[0m
  [1m[36mActiveRecord::InternalMetadata Create (0.4ms)[0m  [1m[32mINSERT INTO "ar_internal_metadata" ("key", "value", "created_at", "updated_at") VALUES (?, ?, ?, ?)[0m  [["key", "environment"], ["value", "development"], ["created_at", "2020-09-10 05:23:25.404707"], ["updated_at", "2020-09-10 05:23:25.404707"]]
  [1m[35m (72.5ms)[0m  [1m[36mcommit transaction[0m
  [1m[35m (0.1ms)[0m  [1m[34mSELECT sqlite_version(*)[0m
  [1m[35m (0.1ms)[0m  [1m[34mSELECT "schema_migrations"."version" FROM "schema_migrations" ORDER BY "schema_migrations"."version" ASC[0m
  [1m[35m (0.1ms)[0m  [1m[34mSELECT sqlite_version(*)[0m
  [1m[35m (0.1ms)[0m  [1m[34mSELECT "schema_migrations"."version" FROM "schema_migrations" ORDER BY "schema_migrations"."version" ASC[0m
  [1m[35m (0.1ms)[0m  [1m[34mSELECT sqlite_version(*)[0m
  [1m[35m (0.1ms)[0m  [1m[36mbegin transaction[0m
  [1m[36mAdminUser Exists? (0.2ms)[0m  [1m[34mSELECT 1 AS one FROM "admin_users" WHERE "admin_users"."email" = ? LIMIT ?[0m  [["email", "admin@example.com"], ["LIMIT", 1]]
  [1m[36mAdminUser Create (0.4ms)[0m  [1m[32mINSERT INTO "admin_users" ("email", "encrypted_password", "created_at", "updated_at") VALUES (?, ?, ?, ?)[0m  [["email", "admin@example.com"], ["encrypted_password", "$2a$12$1Nw66J1SrHKhLb0NK3YVaufhJEqNGdUndJp7SD.WdUXBAt3OEGgR6"], ["created_at", "2020-09-10 05:23:25.772124"], ["updated_at", "2020-09-10 05:23:25.772124"]]
  [1m[35m (53.2ms)[0m  [1m[36mcommit transaction[0m
  [1m[35m (0.4ms)[0m  [1m[34mSELECT sqlite_version(*)[0m
  [1m[35m (0.2ms)[0m  [1m[34mSELECT "schema_migrations"."version" FROM "schema_migrations" ORDER BY "schema_migrations"."version" ASC[0m
  [1m[35m (0.1ms)[0m  [1m[34mSELECT sqlite_version(*)[0m
  [1m[35m (0.1ms)[0m  [1m[36mbegin transaction[0m
  [1m[36mAdminUser Exists? (0.2ms)[0m  [1m[34mSELECT 1 AS one FROM "admin_users" WHERE "admin_users"."email" = ? LIMIT ?[0m  [["email", "admin@example.com"], ["LIMIT", 1]]
  [1m[35m (0.1ms)[0m  [1m[31mrollback transaction[0m
Started POST "/admin/login" for ::1 at 2020-09-10 10:53:54 +0530
  [1m[35m (0.9ms)[0m  [1m[34mSELECT sqlite_version(*)[0m
  [1m[35m (0.4ms)[0m  [1m[34mSELECT "schema_migrations"."version" FROM "schema_migrations" ORDER BY "schema_migrations"."version" ASC[0m
Processing by ActiveAdmin::Devise::SessionsController#create as HTML
  Parameters: {"authenticity_token"=>"GCLFVpLvRazPzdR32Hrdnb1W8yADRzpJzE2dnCsNr4ItkczrrqeBFHNSeaHEcKf39RcKA2NT3Dw+HUPqLr0mvg==", "admin_user"=>{"email"=>"admin@example.com", "password"=>"[FILTERED]", "remember_me"=>"0"}, "commit"=>"Login"}
  [1m[36mAdminUser Load (0.2ms)[0m  [1m[34mSELECT "admin_users".* FROM "admin_users" WHERE "admin_users"."email" = ? ORDER BY "admin_users"."id" ASC LIMIT ?[0m  [["email", "admin@example.com"], ["LIMIT", 1]]
Redirected to http://localhost:3000/admin
Completed 302 Found in 312ms (ActiveRecord: 1.5ms | Allocations: 11795)


Started GET "/admin" for ::1 at 2020-09-10 10:53:54 +0530
Processing by Admin::DashboardController#index as HTML
  [1m[36mAdminUser Load (0.2ms)[0m  [1m[34mSELECT "admin_users".* FROM "admin_users" WHERE "admin_users"."id" = ? ORDER BY "admin_users"."id" ASC LIMIT ?[0m  [["id", 1], ["LIMIT", 1]]
  Rendering /home/proponent/.rvm/gems/ruby-2.7.1/gems/activeadmin-2.8.0/app/views/active_admin/page/index.html.arb
  Rendered /home/proponent/.rvm/gems/ruby-2.7.1/gems/activeadmin-2.8.0/app/views/active_admin/page/index.html.arb (Duration: 180.6ms | Allocations: 33692)
Completed 200 OK in 211ms (Views: 186.9ms | ActiveRecord: 0.2ms | Allocations: 36930)


Started GET "/admin/comments" for ::1 at 2020-09-10 10:53:59 +0530
Processing by Admin::CommentsController#index as HTML
  [1m[36mAdminUser Load (0.2ms)[0m  [1m[34mSELECT "admin_users".* FROM "admin_users" WHERE "admin_users"."id" = ? ORDER BY "admin_users"."id" ASC LIMIT ?[0m  [["id", 1], ["LIMIT", 1]]
  Rendering /home/proponent/.rvm/gems/ruby-2.7.1/gems/activeadmin-2.8.0/app/views/active_admin/resource/index.html.arb
  [1m[35m (0.3ms)[0m  [1m[34mSELECT COUNT(*) FROM "active_admin_comments" WHERE "active_admin_comments"."namespace" = ?[0m  [["namespace", "admin"]]
  [1m[35m (0.2ms)[0m  [1m[34mSELECT COUNT(*) FROM (SELECT 1 AS one FROM "active_admin_comments" WHERE "active_admin_comments"."namespace" = ? LIMIT ? OFFSET ?) subquery_for_count[0m  [["namespace", "admin"], ["LIMIT", 30], ["OFFSET", 0]]
  [1m[35m (0.2ms)[0m  [1m[34mSELECT DISTINCT "active_admin_comments"."resource_type" FROM "active_admin_comments" ORDER BY resource_type asc[0m
  [1m[35m (0.2ms)[0m  [1m[34mSELECT DISTINCT "active_admin_comments"."author_type" FROM "active_admin_comments" ORDER BY author_type asc[0m
  Rendered /home/proponent/.rvm/gems/ruby-2.7.1/gems/activeadmin-2.8.0/app/views/active_admin/resource/index.html.arb (Duration: 121.4ms | Allocations: 38110)
Completed 200 OK in 162ms (Views: 135.2ms | ActiveRecord: 1.9ms | Allocations: 42508)


Started GET "/admin/admin_users" for ::1 at 2020-09-10 10:54:00 +0530
Processing by Admin::AdminUsersController#index as HTML
  [1m[36mAdminUser Load (0.2ms)[0m  [1m[34mSELECT "admin_users".* FROM "admin_users" WHERE "admin_users"."id" = ? ORDER BY "admin_users"."id" ASC LIMIT ?[0m  [["id", 1], ["LIMIT", 1]]
  Rendering /home/proponent/.rvm/gems/ruby-2.7.1/gems/activeadmin-2.8.0/app/views/active_admin/resource/index.html.arb
  [1m[35m (0.5ms)[0m  [1m[34mSELECT COUNT(*) FROM (SELECT 1 AS one FROM "admin_users" LIMIT ? OFFSET ?) subquery_for_count[0m  [["LIMIT", 30], ["OFFSET", 0]]
  [1m[35mCACHE  (0.0ms)[0m  [1m[34mSELECT COUNT(*) FROM (SELECT 1 AS one FROM "admin_users" LIMIT ? OFFSET ?) subquery_for_count[0m  [["LIMIT", 30], ["OFFSET", 0]]
  [1m[35m (0.2ms)[0m  [1m[34mSELECT COUNT(*) FROM "admin_users"[0m
  [1m[35mCACHE  (0.0ms)[0m  [1m[34mSELECT COUNT(*) FROM (SELECT 1 AS one FROM "admin_users" LIMIT ? OFFSET ?) subquery_for_count[0m  [["LIMIT", 30], ["OFFSET", 0]]
  [1m[36mAdminUser Load (0.6ms)[0m  [1m[34mSELECT "admin_users".* FROM "admin_users" ORDER BY "admin_users"."id" desc LIMIT ? OFFSET ?[0m  [["LIMIT", 30], ["OFFSET", 0]]
  Rendered /home/proponent/.rvm/gems/ruby-2.7.1/gems/activeadmin-2.8.0/app/views/active_admin/resource/index.html.arb (Duration: 117.0ms | Allocations: 38389)
Completed 200 OK in 126ms (Views: 118.3ms | ActiveRecord: 1.5ms | Allocations: 41351)


Started GET "/admin/logout" for ::1 at 2020-09-10 10:54:03 +0530
Processing by ActiveAdmin::Devise::SessionsController#destroy as HTML
  Parameters: {"authenticity_token"=>"DawxMXP7p6kHvF224gRgROHz5PabbhTLVHZF8pgE5GUG5Q9+c67ogha926KqHUqWzgs151K+NdPw/AipM4jdUQ=="}
  [1m[36mAdminUser Load (0.2ms)[0m  [1m[34mSELECT "admin_users".* FROM "admin_users" WHERE "admin_users"."id" = ? ORDER BY "admin_users"."id" ASC LIMIT ?[0m  [["id", 1], ["LIMIT", 1]]
Redirected to http://localhost:3000/admin
Completed 302 Found in 27ms (ActiveRecord: 0.2ms | Allocations: 2737)


Started GET "/admin" for ::1 at 2020-09-10 10:54:03 +0530
Processing by Admin::DashboardController#index as HTML
Completed 401 Unauthorized in 1ms (ActiveRecord: 0.0ms | Allocations: 303)


Started GET "/admin/login" for ::1 at 2020-09-10 10:54:03 +0530
Processing by ActiveAdmin::Devise::SessionsController#new as HTML
  Rendering /home/proponent/.rvm/gems/ruby-2.7.1/gems/activeadmin-2.8.0/app/views/active_admin/devise/sessions/new.html.erb within layouts/active_admin_logged_out
  Rendered /home/proponent/.rvm/gems/ruby-2.7.1/gems/activeadmin-2.8.0/app/views/active_admin/devise/shared/_links.erb (Duration: 1.5ms | Allocations: 575)
  Rendered /home/proponent/.rvm/gems/ruby-2.7.1/gems/activeadmin-2.8.0/app/views/active_admin/devise/sessions/new.html.erb within layouts/active_admin_logged_out (Duration: 18.8ms | Allocations: 8209)
Completed 200 OK in 48ms (Views: 46.6ms | ActiveRecord: 0.0ms | Allocations: 22393)


Started POST "/admin/login" for ::1 at 2020-09-10 10:54:11 +0530
Processing by ActiveAdmin::Devise::SessionsController#create as HTML
  Parameters: {"authenticity_token"=>"fwDFBJ9pcoIiuI0BKAs+Tb+RuGWaU0GckykNlxi8dIrklWw/U/WXmId4KX7DFTIyT2kosY3lww2hXAVHbDkaMg==", "admin_user"=>{"email"=>"admin@example.com", "password"=>"[FILTERED]", "remember_me"=>"0"}, "commit"=>"Login"}
  [1m[36mAdminUser Load (0.2ms)[0m  [1m[34mSELECT "admin_users".* FROM "admin_users" WHERE "admin_users"."email" = ? ORDER BY "admin_users"."id" ASC LIMIT ?[0m  [["email", "admin@example.com"], ["LIMIT", 1]]
Redirected to http://localhost:3000/admin
Completed 302 Found in 263ms (ActiveRecord: 0.2ms | Allocations: 2657)


Started GET "/admin" for ::1 at 2020-09-10 10:54:11 +0530
Processing by Admin::DashboardController#index as HTML
  [1m[36mAdminUser Load (0.7ms)[0m  [1m[34mSELECT "admin_users".* FROM "admin_users" WHERE "admin_users"."id" = ? ORDER BY "admin_users"."id" ASC LIMIT ?[0m  [["id", 1], ["LIMIT", 1]]
  Rendering /home/proponent/.rvm/gems/ruby-2.7.1/gems/activeadmin-2.8.0/app/views/active_admin/page/index.html.arb
  Rendered /home/proponent/.rvm/gems/ruby-2.7.1/gems/activeadmin-2.8.0/app/views/active_admin/page/index.html.arb (Duration: 36.3ms | Allocations: 15293)
Completed 200 OK in 44ms (Views: 37.9ms | ActiveRecord: 0.7ms | Allocations: 17147)


Started GET "/admin/logout" for ::1 at 2020-09-10 10:55:05 +0530
Processing by ActiveAdmin::Devise::SessionsController#destroy as HTML
  Parameters: {"authenticity_token"=>"kp9fV1992EE7qkeMvYuFBDg6o1sJptEVDHzZw/0RA8zbE2q3gqlYFQUewG44603X9ShKXVH7BWNuWflswiLoCg=="}
  [1m[36mAdminUser Load (0.2ms)[0m  [1m[34mSELECT "admin_users".* FROM "admin_users" WHERE "admin_users"."id" = ? ORDER BY "admin_users"."id" ASC LIMIT ?[0m  [["id", 1], ["LIMIT", 1]]
Redirected to http://localhost:3000/admin
Completed 302 Found in 7ms (ActiveRecord: 0.2ms | Allocations: 2090)


Started GET "/admin" for ::1 at 2020-09-10 10:55:05 +0530
Processing by Admin::DashboardController#index as HTML
Completed 401 Unauthorized in 1ms (ActiveRecord: 0.0ms | Allocations: 303)


Started GET "/admin/login" for ::1 at 2020-09-10 10:55:05 +0530
Processing by ActiveAdmin::Devise::SessionsController#new as HTML
  Rendering /home/proponent/.rvm/gems/ruby-2.7.1/gems/activeadmin-2.8.0/app/views/active_admin/devise/sessions/new.html.erb within layouts/active_admin_logged_out
  Rendered /home/proponent/.rvm/gems/ruby-2.7.1/gems/activeadmin-2.8.0/app/views/active_admin/devise/shared/_links.erb (Duration: 0.2ms | Allocations: 95)
  Rendered /home/proponent/.rvm/gems/ruby-2.7.1/gems/activeadmin-2.8.0/app/views/active_admin/devise/sessions/new.html.erb within layouts/active_admin_logged_out (Duration: 11.1ms | Allocations: 5576)
Completed 200 OK in 42ms (Views: 39.9ms | ActiveRecord: 0.0ms | Allocations: 18610)


  [1m[35m (0.8ms)[0m  [1m[34mSELECT sqlite_version(*)[0m
  [1m[35m (0.2ms)[0m  [1m[34mSELECT "schema_migrations"."version" FROM "schema_migrations" ORDER BY "schema_migrations"."version" ASC[0m
Migrating to AddDeviseToUsers (20200910053642)
  [1m[35m (0.1ms)[0m  [1m[36mbegin transaction[0m
  [1m[35m (0.6ms)[0m  [1m[35mALTER TABLE "users" ADD "email" varchar DEFAULT '' NOT NULL[0m
  [1m[35m (0.1ms)[0m  [1m[31mrollback transaction[0m
  [1m[35m (0.5ms)[0m  [1m[34mSELECT sqlite_version(*)[0m
  [1m[35m (0.2ms)[0m  [1m[34mSELECT "schema_migrations"."version" FROM "schema_migrations" ORDER BY "schema_migrations"."version" ASC[0m
Migrating to CreateProducts (20200910053740)
  [1m[35m (0.2ms)[0m  [1m[36mbegin transaction[0m
  [1m[35m (0.5ms)[0m  [1m[35mCREATE TABLE "products" ("id" integer PRIMARY KEY AUTOINCREMENT NOT NULL, "name" varchar, "stripe_plan_name" varchar, "paypal_plan_name" varchar)[0m
  [1m[35m (0.3ms)[0m  [1m[35mALTER TABLE "products" ADD "price_cents" integer DEFAULT 0 NOT NULL[0m
  [1m[35m (0.3ms)[0m  [1m[35mALTER TABLE "products" ADD "price_currency" varchar DEFAULT 'USD' NOT NULL[0m
  [1m[36mprimary::SchemaMigration Create (0.3ms)[0m  [1m[32mINSERT INTO "schema_migrations" ("version") VALUES (?)[0m  [["version", "20200910053740"]]
  [1m[35m (122.6ms)[0m  [1m[36mcommit transaction[0m
Migrating to CreateOrders (20200910053950)
  [1m[35m (0.1ms)[0m  [1m[36mbegin transaction[0m
  [1m[35m (0.5ms)[0m  [1m[35mCREATE TABLE "orders" ("id" integer PRIMARY KEY AUTOINCREMENT NOT NULL, "product_id" integer, "user_id" integer, "status" integer, "token" varchar, "charge_id" varchar, "error_message" varchar, "customer_id" varchar, "payment_gateway" integer)[0m
  [1m[35m (0.5ms)[0m  [1m[35mALTER TABLE "orders" ADD "price_cents" integer DEFAULT 0 NOT NULL[0m
  [1m[36mprimary::SchemaMigration Create (0.2ms)[0m  [1m[32mINSERT INTO "schema_migrations" ("version") VALUES (?)[0m  [["version", "20200910053950"]]
  [1m[35m (95.2ms)[0m  [1m[36mcommit transaction[0m
  [1m[36mActiveRecord::InternalMetadata Load (0.4ms)[0m  [1m[34mSELECT "ar_internal_metadata".* FROM "ar_internal_metadata" WHERE "ar_internal_metadata"."key" = ? LIMIT ?[0m  [["key", "environment"], ["LIMIT", 1]]
  [1m[35m (0.1ms)[0m  [1m[34mSELECT sqlite_version(*)[0m
  [1m[35m (0.1ms)[0m  [1m[34mSELECT "schema_migrations"."version" FROM "schema_migrations" ORDER BY "schema_migrations"."version" ASC[0m
  [1m[35m (0.4ms)[0m  [1m[34mSELECT sqlite_version(*)[0m
  [1m[35m (0.2ms)[0m  [1m[34mSELECT "schema_migrations"."version" FROM "schema_migrations" ORDER BY "schema_migrations"."version" ASC[0m
Migrating to CreateProducts (20200910054715)
  [1m[35m (0.1ms)[0m  [1m[36mbegin transaction[0m
  [1m[35m (0.5ms)[0m  [1m[35mCREATE TABLE "products" ("id" integer PRIMARY KEY AUTOINCREMENT NOT NULL, "name" varchar, "stripe_plan_name" varchar, "paypal_plan_name" varchar)[0m
  [1m[35m (0.1ms)[0m  [1m[31mrollback transaction[0m
  [1m[35m (0.4ms)[0m  [1m[34mSELECT sqlite_version(*)[0m
  [1m[35m (0.2ms)[0m  [1m[34mSELECT "schema_migrations"."version" FROM "schema_migrations" ORDER BY "schema_migrations"."version" ASC[0m
  [1m[35m (0.2ms)[0m  [1m[34mSELECT "ar_internal_metadata"."value" FROM "ar_internal_metadata" WHERE "ar_internal_metadata"."key" = ?[0m  [["key", "environment"]]
  [1m[35m (0.1ms)[0m  [1m[34mSELECT "schema_migrations"."version" FROM "schema_migrations" ORDER BY "schema_migrations"."version" ASC[0m
  [1m[35m (0.1ms)[0m  [1m[34mSELECT "ar_internal_metadata"."value" FROM "ar_internal_metadata" WHERE "ar_internal_metadata"."key" = ?[0m  [["key", "environment"]]
  [1m[35m (0.1ms)[0m  [1m[34mSELECT "schema_migrations"."version" FROM "schema_migrations" ORDER BY "schema_migrations"."version" ASC[0m
  [1m[35m (0.1ms)[0m  [1m[34mSELECT "ar_internal_metadata"."value" FROM "ar_internal_metadata" WHERE "ar_internal_metadata"."key" = ?[0m  [["key", "environment"]]
  [1m[35m (0.1ms)[0m  [1m[34mSELECT sqlite_version(*)[0m
  [1m[35m (0.1ms)[0m  [1m[34mSELECT sqlite_version(*)[0m
  [1m[35m (0.1ms)[0m  [1m[34mSELECT sqlite_version(*)[0m
  [1m[35m (119.0ms)[0m  [1m[35mCREATE TABLE "schema_migrations" ("version" varchar NOT NULL PRIMARY KEY)[0m
  [1m[35m (133.2ms)[0m  [1m[35mCREATE TABLE "ar_internal_metadata" ("key" varchar NOT NULL PRIMARY KEY, "value" varchar, "created_at" datetime(6) NOT NULL, "updated_at" datetime(6) NOT NULL)[0m
  [1m[35m (0.1ms)[0m  [1m[34mSELECT "schema_migrations"."version" FROM "schema_migrations" ORDER BY "schema_migrations"."version" ASC[0m
Migrating to DeviseCreateUsers (20200910050917)
  [1m[35m (0.1ms)[0m  [1m[36mbegin transaction[0m
  [1m[35m (0.6ms)[0m  [1m[35mCREATE TABLE "users" ("id" integer PRIMARY KEY AUTOINCREMENT NOT NULL, "email" varchar DEFAULT '' NOT NULL, "encrypted_password" varchar DEFAULT '' NOT NULL, "reset_password_token" varchar, "reset_password_sent_at" datetime, "remember_created_at" datetime, "created_at" datetime(6) NOT NULL, "updated_at" datetime(6) NOT NULL)[0m
  [1m[35m (0.2ms)[0m  [1m[35mCREATE UNIQUE INDEX "index_users_on_email" ON "users" ("email")[0m
  [1m[35m (0.1ms)[0m  [1m[35mCREATE UNIQUE INDEX "index_users_on_reset_password_token" ON "users" ("reset_password_token")[0m
  [1m[36mprimary::SchemaMigration Create (0.3ms)[0m  [1m[32mINSERT INTO "schema_migrations" ("version") VALUES (?)[0m  [["version", "20200910050917"]]
  [1m[35m (106.6ms)[0m  [1m[36mcommit transaction[0m
Migrating to DeviseCreateAdminUsers (20200910051600)
  [1m[35m (0.1ms)[0m  [1m[36mbegin transaction[0m
  [1m[35m (0.6ms)[0m  [1m[35mCREATE TABLE "admin_users" ("id" integer PRIMARY KEY AUTOINCREMENT NOT NULL, "email" varchar DEFAULT '' NOT NULL, "encrypted_password" varchar DEFAULT '' NOT NULL, "reset_password_token" varchar, "reset_password_sent_at" datetime, "remember_created_at" datetime, "created_at" datetime(6) NOT NULL, "updated_at" datetime(6) NOT NULL)[0m
  [1m[35m (0.2ms)[0m  [1m[35mCREATE UNIQUE INDEX "index_admin_users_on_email" ON "admin_users" ("email")[0m
  [1m[35m (0.2ms)[0m  [1m[35mCREATE UNIQUE INDEX "index_admin_users_on_reset_password_token" ON "admin_users" ("reset_password_token")[0m
  [1m[36mprimary::SchemaMigration Create (0.3ms)[0m  [1m[32mINSERT INTO "schema_migrations" ("version") VALUES (?)[0m  [["version", "20200910051600"]]
  [1m[35m (131.8ms)[0m  [1m[36mcommit transaction[0m
Migrating to CreateActiveAdminComments (20200910051606)
  [1m[35m (0.1ms)[0m  [1m[36mbegin transaction[0m
  [1m[35m (0.5ms)[0m  [1m[35mCREATE TABLE "active_admin_comments" ("id" integer PRIMARY KEY AUTOINCREMENT NOT NULL, "namespace" varchar, "body" text, "resource_type" varchar, "resource_id" integer, "author_type" varchar, "author_id" integer, "created_at" datetime(6) NOT NULL, "updated_at" datetime(6) NOT NULL)[0m
  [1m[35m (0.1ms)[0m  [1m[35mCREATE  INDEX "index_active_admin_comments_on_resource_type_and_resource_id" ON "active_admin_comments" ("resource_type", "resource_id")[0m
  [1m[35m (0.1ms)[0m  [1m[35mCREATE  INDEX "index_active_admin_comments_on_author_type_and_author_id" ON "active_admin_comments" ("author_type", "author_id")[0m
  [1m[35m (0.1ms)[0m  [1m[35mCREATE  INDEX "index_active_admin_comments_on_namespace" ON "active_admin_comments" ("namespace")[0m
  [1m[36mprimary::SchemaMigration Create (0.3ms)[0m  [1m[32mINSERT INTO "schema_migrations" ("version") VALUES (?)[0m  [["version", "20200910051606"]]
  [1m[35m (122.3ms)[0m  [1m[36mcommit transaction[0m
Migrating to CreateOrders (20200910053950)
  [1m[35m (0.1ms)[0m  [1m[36mbegin transaction[0m
  [1m[35m (0.6ms)[0m  [1m[35mCREATE TABLE "orders" ("id" integer PRIMARY KEY AUTOINCREMENT NOT NULL, "product_id" integer, "user_id" integer, "status" integer, "token" varchar, "charge_id" varchar, "error_message" varchar, "customer_id" varchar, "payment_gateway" integer)[0m
  [1m[35m (0.4ms)[0m  [1m[35mALTER TABLE "orders" ADD "price_cents" integer DEFAULT 0 NOT NULL[0m
  [1m[36mprimary::SchemaMigration Create (0.2ms)[0m  [1m[32mINSERT INTO "schema_migrations" ("version") VALUES (?)[0m  [["version", "20200910053950"]]
  [1m[35m (128.4ms)[0m  [1m[36mcommit transaction[0m
Migrating to CreateProducts (20200910054715)
  [1m[35m (0.1ms)[0m  [1m[36mbegin transaction[0m
  [1m[35m (1.2ms)[0m  [1m[35mCREATE TABLE "products" ("id" integer PRIMARY KEY AUTOINCREMENT NOT NULL, "name" varchar, "stripe_plan_name" varchar, "paypal_plan_name" varchar)[0m
  [1m[35m (0.6ms)[0m  [1m[35mALTER TABLE "products" ADD "price_cents" integer DEFAULT 0 NOT NULL[0m
  [1m[35m (0.5ms)[0m  [1m[35mALTER TABLE "products" ADD "price_currency" varchar DEFAULT 'USD' NOT NULL[0m
  [1m[36mprimary::SchemaMigration Create (0.2ms)[0m  [1m[32mINSERT INTO "schema_migrations" ("version") VALUES (?)[0m  [["version", "20200910054715"]]
  [1m[35m (124.0ms)[0m  [1m[36mcommit transaction[0m
  [1m[36mActiveRecord::InternalMetadata Load (0.3ms)[0m  [1m[34mSELECT "ar_internal_metadata".* FROM "ar_internal_metadata" WHERE "ar_internal_metadata"."key" = ? LIMIT ?[0m  [["key", "environment"], ["LIMIT", 1]]
  [1m[35m (0.1ms)[0m  [1m[36mbegin transaction[0m
  [1m[36mActiveRecord::InternalMetadata Create (0.4ms)[0m  [1m[32mINSERT INTO "ar_internal_metadata" ("key", "value", "created_at", "updated_at") VALUES (?, ?, ?, ?)[0m  [["key", "environment"], ["value", "development"], ["created_at", "2020-09-10 05:48:55.950378"], ["updated_at", "2020-09-10 05:48:55.950378"]]
  [1m[35m (89.2ms)[0m  [1m[36mcommit transaction[0m
  [1m[35m (0.1ms)[0m  [1m[34mSELECT sqlite_version(*)[0m
  [1m[35m (0.1ms)[0m  [1m[34mSELECT "schema_migrations"."version" FROM "schema_migrations" ORDER BY "schema_migrations"."version" ASC[0m
  [1m[35m (0.1ms)[0m  [1m[34mSELECT sqlite_version(*)[0m
  [1m[35m (0.3ms)[0m  [1m[34mSELECT "schema_migrations"."version" FROM "schema_migrations" ORDER BY "schema_migrations"."version" ASC[0m
  [1m[35m (0.1ms)[0m  [1m[34mSELECT sqlite_version(*)[0m
  [1m[35m (0.1ms)[0m  [1m[36mbegin transaction[0m
  [1m[36mAdminUser Exists? (0.2ms)[0m  [1m[34mSELECT 1 AS one FROM "admin_users" WHERE "admin_users"."email" = ? LIMIT ?[0m  [["email", "admin@example.com"], ["LIMIT", 1]]
  [1m[36mAdminUser Create (0.4ms)[0m  [1m[32mINSERT INTO "admin_users" ("email", "encrypted_password", "created_at", "updated_at") VALUES (?, ?, ?, ?)[0m  [["email", "admin@example.com"], ["encrypted_password", "$2a$12$qlHIJb8A3JHaerAU4N179uwBvsGbgYSpOTJRS8NwrQspG.szIXp0y"], ["created_at", "2020-09-10 05:48:56.418368"], ["updated_at", "2020-09-10 05:48:56.418368"]]
  [1m[35m (72.9ms)[0m  [1m[36mcommit transaction[0m
Started GET "/admin/login" for ::1 at 2020-09-10 11:21:59 +0530
  [1m[35m (14.0ms)[0m  [1m[34mSELECT sqlite_version(*)[0m
  [1m[35m (0.2ms)[0m  [1m[34mSELECT "schema_migrations"."version" FROM "schema_migrations" ORDER BY "schema_migrations"."version" ASC[0m
Processing by ActiveAdmin::Devise::SessionsController#new as HTML
  Rendering /home/proponent/.rvm/gems/ruby-2.7.1/gems/activeadmin-2.8.0/app/views/active_admin/devise/sessions/new.html.erb within layouts/active_admin_logged_out
  Rendered /home/proponent/.rvm/gems/ruby-2.7.1/gems/activeadmin-2.8.0/app/views/active_admin/devise/shared/_links.erb (Duration: 3.2ms | Allocations: 751)
  Rendered /home/proponent/.rvm/gems/ruby-2.7.1/gems/activeadmin-2.8.0/app/views/active_admin/devise/sessions/new.html.erb within layouts/active_admin_logged_out (Duration: 83.3ms | Allocations: 9285)
Completed 200 OK in 354ms (Views: 326.1ms | ActiveRecord: 0.7ms | Allocations: 46708)


Started POST "/admin/login" for ::1 at 2020-09-10 11:22:02 +0530
Processing by ActiveAdmin::Devise::SessionsController#create as HTML
  Parameters: {"authenticity_token"=>"tH6eJ23uXVBUtJl6AnuOwRvejjLney6XWJObMNATL5XF95myTaXKLI/zd5a4f0l+AHLpq7prlHozEN69EreNXw==", "admin_user"=>{"email"=>"admin@example.com", "password"=>"[FILTERED]", "remember_me"=>"0"}, "commit"=>"Login"}
  [1m[36mAdminUser Load (0.4ms)[0m  [1m[34mSELECT "admin_users".* FROM "admin_users" WHERE "admin_users"."email" = ? ORDER BY "admin_users"."id" ASC LIMIT ?[0m  [["email", "admin@example.com"], ["LIMIT", 1]]
Redirected to http://localhost:3000/admin
Completed 302 Found in 314ms (ActiveRecord: 0.4ms | Allocations: 6259)


Started GET "/admin" for ::1 at 2020-09-10 11:22:02 +0530
Processing by Admin::DashboardController#index as HTML
  [1m[36mAdminUser Load (0.4ms)[0m  [1m[34mSELECT "admin_users".* FROM "admin_users" WHERE "admin_users"."id" = ? ORDER BY "admin_users"."id" ASC LIMIT ?[0m  [["id", 1], ["LIMIT", 1]]
  Rendering /home/proponent/.rvm/gems/ruby-2.7.1/gems/activeadmin-2.8.0/app/views/active_admin/page/index.html.arb
  Rendered /home/proponent/.rvm/gems/ruby-2.7.1/gems/activeadmin-2.8.0/app/views/active_admin/page/index.html.arb (Duration: 38.0ms | Allocations: 16411)
Completed 200 OK in 65ms (Views: 47.5ms | ActiveRecord: 0.4ms | Allocations: 19175)


Started GET "/admin/admin_users" for ::1 at 2020-09-10 11:22:05 +0530
Processing by Admin::AdminUsersController#index as HTML
  [1m[36mAdminUser Load (0.2ms)[0m  [1m[34mSELECT "admin_users".* FROM "admin_users" WHERE "admin_users"."id" = ? ORDER BY "admin_users"."id" ASC LIMIT ?[0m  [["id", 1], ["LIMIT", 1]]
  Rendering /home/proponent/.rvm/gems/ruby-2.7.1/gems/activeadmin-2.8.0/app/views/active_admin/resource/index.html.arb
  [1m[35m (0.3ms)[0m  [1m[34mSELECT COUNT(*) FROM (SELECT 1 AS one FROM "admin_users" LIMIT ? OFFSET ?) subquery_for_count[0m  [["LIMIT", 30], ["OFFSET", 0]]
  [1m[35mCACHE  (0.1ms)[0m  [1m[34mSELECT COUNT(*) FROM (SELECT 1 AS one FROM "admin_users" LIMIT ? OFFSET ?) subquery_for_count[0m  [["LIMIT", 30], ["OFFSET", 0]]
  [1m[35m (0.3ms)[0m  [1m[34mSELECT COUNT(*) FROM "admin_users"[0m
  [1m[35mCACHE  (0.0ms)[0m  [1m[34mSELECT COUNT(*) FROM (SELECT 1 AS one FROM "admin_users" LIMIT ? OFFSET ?) subquery_for_count[0m  [["LIMIT", 30], ["OFFSET", 0]]
  [1m[36mAdminUser Load (0.3ms)[0m  [1m[34mSELECT "admin_users".* FROM "admin_users" ORDER BY "admin_users"."id" desc LIMIT ? OFFSET ?[0m  [["LIMIT", 30], ["OFFSET", 0]]
  Rendered /home/proponent/.rvm/gems/ruby-2.7.1/gems/activeadmin-2.8.0/app/views/active_admin/resource/index.html.arb (Duration: 122.3ms | Allocations: 40011)
Completed 200 OK in 160ms (Views: 135.8ms | ActiveRecord: 1.1ms | Allocations: 43572)


Started GET "/admin/admin_users/new" for ::1 at 2020-09-10 11:22:11 +0530
Processing by Admin::AdminUsersController#new as HTML
  [1m[36mAdminUser Load (0.3ms)[0m  [1m[34mSELECT "admin_users".* FROM "admin_users" WHERE "admin_users"."id" = ? ORDER BY "admin_users"."id" ASC LIMIT ?[0m  [["id", 1], ["LIMIT", 1]]
  Rendering /home/proponent/.rvm/gems/ruby-2.7.1/gems/activeadmin-2.8.0/app/views/active_admin/resource/new.html.arb
  Rendered /home/proponent/.rvm/gems/ruby-2.7.1/gems/activeadmin-2.8.0/app/views/active_admin/resource/new.html.arb (Duration: 63.6ms | Allocations: 22757)
Completed 200 OK in 73ms (Views: 66.6ms | ActiveRecord: 0.3ms | Allocations: 25573)


Started GET "/admin/comments" for ::1 at 2020-09-10 11:22:25 +0530
Processing by Admin::CommentsController#index as HTML
  [1m[36mAdminUser Load (1.2ms)[0m  [1m[34mSELECT "admin_users".* FROM "admin_users" WHERE "admin_users"."id" = ? ORDER BY "admin_users"."id" ASC LIMIT ?[0m  [["id", 1], ["LIMIT", 1]]
  Rendering /home/proponent/.rvm/gems/ruby-2.7.1/gems/activeadmin-2.8.0/app/views/active_admin/resource/index.html.arb
  [1m[35m (0.2ms)[0m  [1m[34mSELECT COUNT(*) FROM "active_admin_comments" WHERE "active_admin_comments"."namespace" = ?[0m  [["namespace", "admin"]]
  [1m[35m (0.2ms)[0m  [1m[34mSELECT COUNT(*) FROM (SELECT 1 AS one FROM "active_admin_comments" WHERE "active_admin_comments"."namespace" = ? LIMIT ? OFFSET ?) subquery_for_count[0m  [["namespace", "admin"], ["LIMIT", 30], ["OFFSET", 0]]
  [1m[35m (0.2ms)[0m  [1m[34mSELECT DISTINCT "active_admin_comments"."resource_type" FROM "active_admin_comments" ORDER BY resource_type asc[0m
  [1m[35m (0.2ms)[0m  [1m[34mSELECT DISTINCT "active_admin_comments"."author_type" FROM "active_admin_comments" ORDER BY author_type asc[0m
  Rendered /home/proponent/.rvm/gems/ruby-2.7.1/gems/activeadmin-2.8.0/app/views/active_admin/resource/index.html.arb (Duration: 163.2ms | Allocations: 37291)
Completed 200 OK in 189ms (Views: 168.5ms | ActiveRecord: 3.3ms | Allocations: 40881)


Started GET "/admin/dashboard" for ::1 at 2020-09-10 11:23:38 +0530
Processing by Admin::DashboardController#index as HTML
  [1m[36mAdminUser Load (0.2ms)[0m  [1m[34mSELECT "admin_users".* FROM "admin_users" WHERE "admin_users"."id" = ? ORDER BY "admin_users"."id" ASC LIMIT ?[0m  [["id", 1], ["LIMIT", 1]]
  Rendering /home/proponent/.rvm/gems/ruby-2.7.1/gems/activeadmin-2.8.0/app/views/active_admin/page/index.html.arb
  Rendered /home/proponent/.rvm/gems/ruby-2.7.1/gems/activeadmin-2.8.0/app/views/active_admin/page/index.html.arb (Duration: 32.6ms | Allocations: 15572)
Completed 200 OK in 39ms (Views: 33.9ms | ActiveRecord: 0.2ms | Allocations: 17416)


Started GET "/admin/admin_users" for ::1 at 2020-09-10 11:23:42 +0530
Processing by Admin::AdminUsersController#index as HTML
  [1m[36mAdminUser Load (0.1ms)[0m  [1m[34mSELECT "admin_users".* FROM "admin_users" WHERE "admin_users"."id" = ? ORDER BY "admin_users"."id" ASC LIMIT ?[0m  [["id", 1], ["LIMIT", 1]]
  Rendering /home/proponent/.rvm/gems/ruby-2.7.1/gems/activeadmin-2.8.0/app/views/active_admin/resource/index.html.arb
  [1m[35m (0.4ms)[0m  [1m[34mSELECT COUNT(*) FROM (SELECT 1 AS one FROM "admin_users" LIMIT ? OFFSET ?) subquery_for_count[0m  [["LIMIT", 30], ["OFFSET", 0]]
  [1m[35mCACHE  (0.1ms)[0m  [1m[34mSELECT COUNT(*) FROM (SELECT 1 AS one FROM "admin_users" LIMIT ? OFFSET ?) subquery_for_count[0m  [["LIMIT", 30], ["OFFSET", 0]]
  [1m[35m (0.2ms)[0m  [1m[34mSELECT COUNT(*) FROM "admin_users"[0m
  [1m[35mCACHE  (0.0ms)[0m  [1m[34mSELECT COUNT(*) FROM (SELECT 1 AS one FROM "admin_users" LIMIT ? OFFSET ?) subquery_for_count[0m  [["LIMIT", 30], ["OFFSET", 0]]
  [1m[36mAdminUser Load (0.4ms)[0m  [1m[34mSELECT "admin_users".* FROM "admin_users" ORDER BY "admin_users"."id" desc LIMIT ? OFFSET ?[0m  [["LIMIT", 30], ["OFFSET", 0]]
  Rendered /home/proponent/.rvm/gems/ruby-2.7.1/gems/activeadmin-2.8.0/app/views/active_admin/resource/index.html.arb (Duration: 70.6ms | Allocations: 37386)
Completed 200 OK in 76ms (Views: 70.4ms | ActiveRecord: 1.1ms | Allocations: 39544)


Started GET "/admin/comments" for ::1 at 2020-09-10 11:23:45 +0530
Processing by Admin::CommentsController#index as HTML
  [1m[36mAdminUser Load (0.2ms)[0m  [1m[34mSELECT "admin_users".* FROM "admin_users" WHERE "admin_users"."id" = ? ORDER BY "admin_users"."id" ASC LIMIT ?[0m  [["id", 1], ["LIMIT", 1]]
  Rendering /home/proponent/.rvm/gems/ruby-2.7.1/gems/activeadmin-2.8.0/app/views/active_admin/resource/index.html.arb
  [1m[35m (0.3ms)[0m  [1m[34mSELECT COUNT(*) FROM "active_admin_comments" WHERE "active_admin_comments"."namespace" = ?[0m  [["namespace", "admin"]]
  [1m[35m (0.2ms)[0m  [1m[34mSELECT COUNT(*) FROM (SELECT 1 AS one FROM "active_admin_comments" WHERE "active_admin_comments"."namespace" = ? LIMIT ? OFFSET ?) subquery_for_count[0m  [["namespace", "admin"], ["LIMIT", 30], ["OFFSET", 0]]
  [1m[35m (0.3ms)[0m  [1m[34mSELECT DISTINCT "active_admin_comments"."resource_type" FROM "active_admin_comments" ORDER BY resource_type asc[0m
  [1m[35m (0.2ms)[0m  [1m[34mSELECT DISTINCT "active_admin_comments"."author_type" FROM "active_admin_comments" ORDER BY author_type asc[0m
  Rendered /home/proponent/.rvm/gems/ruby-2.7.1/gems/activeadmin-2.8.0/app/views/active_admin/resource/index.html.arb (Duration: 63.7ms | Allocations: 33619)
Completed 200 OK in 71ms (Views: 63.5ms | ActiveRecord: 1.3ms | Allocations: 35828)


Started GET "/admin/comments?scope=all" for ::1 at 2020-09-10 11:23:53 +0530
Processing by Admin::CommentsController#index as HTML
  Parameters: {"scope"=>"all"}
  [1m[36mAdminUser Load (0.2ms)[0m  [1m[34mSELECT "admin_users".* FROM "admin_users" WHERE "admin_users"."id" = ? ORDER BY "admin_users"."id" ASC LIMIT ?[0m  [["id", 1], ["LIMIT", 1]]
  Rendering /home/proponent/.rvm/gems/ruby-2.7.1/gems/activeadmin-2.8.0/app/views/active_admin/resource/index.html.arb
  [1m[35m (0.3ms)[0m  [1m[34mSELECT COUNT(*) FROM "active_admin_comments" WHERE "active_admin_comments"."namespace" = ?[0m  [["namespace", "admin"]]
  [1m[35m (0.2ms)[0m  [1m[34mSELECT COUNT(*) FROM (SELECT 1 AS one FROM "active_admin_comments" LIMIT ? OFFSET ?) subquery_for_count[0m  [["LIMIT", 30], ["OFFSET", 0]]
  [1m[35m (0.2ms)[0m  [1m[34mSELECT DISTINCT "active_admin_comments"."resource_type" FROM "active_admin_comments" ORDER BY resource_type asc[0m
  [1m[35m (0.2ms)[0m  [1m[34mSELECT DISTINCT "active_admin_comments"."author_type" FROM "active_admin_comments" ORDER BY author_type asc[0m
  Rendered /home/proponent/.rvm/gems/ruby-2.7.1/gems/activeadmin-2.8.0/app/views/active_admin/resource/index.html.arb (Duration: 65.4ms | Allocations: 34576)
Completed 200 OK in 71ms (Views: 65.2ms | ActiveRecord: 1.1ms | Allocations: 36773)


Started GET "/admin/comments?scope=admin" for ::1 at 2020-09-10 11:23:54 +0530
Processing by Admin::CommentsController#index as HTML
  Parameters: {"scope"=>"admin"}
  [1m[36mAdminUser Load (0.2ms)[0m  [1m[34mSELECT "admin_users".* FROM "admin_users" WHERE "admin_users"."id" = ? ORDER BY "admin_users"."id" ASC LIMIT ?[0m  [["id", 1], ["LIMIT", 1]]
  Rendering /home/proponent/.rvm/gems/ruby-2.7.1/gems/activeadmin-2.8.0/app/views/active_admin/resource/index.html.arb
  [1m[35m (0.3ms)[0m  [1m[34mSELECT COUNT(*) FROM "active_admin_comments" WHERE "active_admin_comments"."namespace" = ?[0m  [["namespace", "admin"]]
  [1m[35m (0.2ms)[0m  [1m[34mSELECT COUNT(*) FROM (SELECT 1 AS one FROM "active_admin_comments" WHERE "active_admin_comments"."namespace" = ? LIMIT ? OFFSET ?) subquery_for_count[0m  [["namespace", "admin"], ["LIMIT", 30], ["OFFSET", 0]]
  [1m[35m (0.2ms)[0m  [1m[34mSELECT DISTINCT "active_admin_comments"."resource_type" FROM "active_admin_comments" ORDER BY resource_type asc[0m
  [1m[35m (0.3ms)[0m  [1m[34mSELECT DISTINCT "active_admin_comments"."author_type" FROM "active_admin_comments" ORDER BY author_type asc[0m
  Rendered /home/proponent/.rvm/gems/ruby-2.7.1/gems/activeadmin-2.8.0/app/views/active_admin/resource/index.html.arb (Duration: 63.9ms | Allocations: 34383)
Completed 200 OK in 71ms (Views: 63.8ms | ActiveRecord: 1.2ms | Allocations: 36589)


Started GET "/admin/comments?scope=all" for ::1 at 2020-09-10 11:23:56 +0530
Processing by Admin::CommentsController#index as HTML
  Parameters: {"scope"=>"all"}
  [1m[36mAdminUser Load (0.1ms)[0m  [1m[34mSELECT "admin_users".* FROM "admin_users" WHERE "admin_users"."id" = ? ORDER BY "admin_users"."id" ASC LIMIT ?[0m  [["id", 1], ["LIMIT", 1]]
  Rendering /home/proponent/.rvm/gems/ruby-2.7.1/gems/activeadmin-2.8.0/app/views/active_admin/resource/index.html.arb
  [1m[35m (0.3ms)[0m  [1m[34mSELECT COUNT(*) FROM "active_admin_comments" WHERE "active_admin_comments"."namespace" = ?[0m  [["namespace", "admin"]]
  [1m[35m (0.2ms)[0m  [1m[34mSELECT COUNT(*) FROM (SELECT 1 AS one FROM "active_admin_comments" LIMIT ? OFFSET ?) subquery_for_count[0m  [["LIMIT", 30], ["OFFSET", 0]]
  [1m[35m (0.2ms)[0m  [1m[34mSELECT DISTINCT "active_admin_comments"."resource_type" FROM "active_admin_comments" ORDER BY resource_type asc[0m
  [1m[35m (0.2ms)[0m  [1m[34mSELECT DISTINCT "active_admin_comments"."author_type" FROM "active_admin_comments" ORDER BY author_type asc[0m
  Rendered /home/proponent/.rvm/gems/ruby-2.7.1/gems/activeadmin-2.8.0/app/views/active_admin/resource/index.html.arb (Duration: 58.5ms | Allocations: 34501)
Completed 200 OK in 64ms (Views: 58.6ms | ActiveRecord: 1.0ms | Allocations: 36664)


Started GET "/admin/comments?scope=all" for ::1 at 2020-09-10 11:23:57 +0530
Processing by Admin::CommentsController#index as HTML
  Parameters: {"scope"=>"all"}
  [1m[36mAdminUser Load (1.1ms)[0m  [1m[34mSELECT "admin_users".* FROM "admin_users" WHERE "admin_users"."id" = ? ORDER BY "admin_users"."id" ASC LIMIT ?[0m  [["id", 1], ["LIMIT", 1]]
  Rendering /home/proponent/.rvm/gems/ruby-2.7.1/gems/activeadmin-2.8.0/app/views/active_admin/resource/index.html.arb
  [1m[35m (0.2ms)[0m  [1m[34mSELECT COUNT(*) FROM "active_admin_comments" WHERE "active_admin_comments"."namespace" = ?[0m  [["namespace", "admin"]]
  [1m[35m (0.3ms)[0m  [1m[34mSELECT COUNT(*) FROM (SELECT 1 AS one FROM "active_admin_comments" LIMIT ? OFFSET ?) subquery_for_count[0m  [["LIMIT", 30], ["OFFSET", 0]]
  [1m[35m (0.2ms)[0m  [1m[34mSELECT DISTINCT "active_admin_comments"."resource_type" FROM "active_admin_comments" ORDER BY resource_type asc[0m
  [1m[35m (0.2ms)[0m  [1m[34mSELECT DISTINCT "active_admin_comments"."author_type" FROM "active_admin_comments" ORDER BY author_type asc[0m
  Rendered /home/proponent/.rvm/gems/ruby-2.7.1/gems/activeadmin-2.8.0/app/views/active_admin/resource/index.html.arb (Duration: 53.3ms | Allocations: 34357)
Completed 200 OK in 60ms (Views: 53.3ms | ActiveRecord: 2.0ms | Allocations: 36521)


Started GET "/admin/comments?scope=all" for ::1 at 2020-09-10 11:23:57 +0530
Processing by Admin::CommentsController#index as HTML
  Parameters: {"scope"=>"all"}
  [1m[36mAdminUser Load (0.3ms)[0m  [1m[34mSELECT "admin_users".* FROM "admin_users" WHERE "admin_users"."id" = ? ORDER BY "admin_users"."id" ASC LIMIT ?[0m  [["id", 1], ["LIMIT", 1]]
  Rendering /home/proponent/.rvm/gems/ruby-2.7.1/gems/activeadmin-2.8.0/app/views/active_admin/resource/index.html.arb
  [1m[35m (0.2ms)[0m  [1m[34mSELECT COUNT(*) FROM "active_admin_comments" WHERE "active_admin_comments"."namespace" = ?[0m  [["namespace", "admin"]]
  [1m[35m (0.4ms)[0m  [1m[34mSELECT COUNT(*) FROM (SELECT 1 AS one FROM "active_admin_comments" LIMIT ? OFFSET ?) subquery_for_count[0m  [["LIMIT", 30], ["OFFSET", 0]]
  [1m[35m (0.3ms)[0m  [1m[34mSELECT DISTINCT "active_admin_comments"."resource_type" FROM "active_admin_comments" ORDER BY resource_type asc[0m
  [1m[35m (0.6ms)[0m  [1m[34mSELECT DISTINCT "active_admin_comments"."author_type" FROM "active_admin_comments" ORDER BY author_type asc[0m
  Rendered /home/proponent/.rvm/gems/ruby-2.7.1/gems/activeadmin-2.8.0/app/views/active_admin/resource/index.html.arb (Duration: 76.6ms | Allocations: 34429)
Completed 200 OK in 89ms (Views: 80.0ms | ActiveRecord: 1.7ms | Allocations: 36596)


Started GET "/admin/admin_users" for ::1 at 2020-09-10 11:23:59 +0530
Processing by Admin::AdminUsersController#index as HTML
  [1m[36mAdminUser Load (0.2ms)[0m  [1m[34mSELECT "admin_users".* FROM "admin_users" WHERE "admin_users"."id" = ? ORDER BY "admin_users"."id" ASC LIMIT ?[0m  [["id", 1], ["LIMIT", 1]]
  Rendering /home/proponent/.rvm/gems/ruby-2.7.1/gems/activeadmin-2.8.0/app/views/active_admin/resource/index.html.arb
  [1m[35m (0.2ms)[0m  [1m[34mSELECT COUNT(*) FROM (SELECT 1 AS one FROM "admin_users" LIMIT ? OFFSET ?) subquery_for_count[0m  [["LIMIT", 30], ["OFFSET", 0]]
  [1m[35mCACHE  (0.0ms)[0m  [1m[34mSELECT COUNT(*) FROM (SELECT 1 AS one FROM "admin_users" LIMIT ? OFFSET ?) subquery_for_count[0m  [["LIMIT", 30], ["OFFSET", 0]]
  [1m[35m (1.5ms)[0m  [1m[34mSELECT COUNT(*) FROM "admin_users"[0m
  [1m[35mCACHE  (0.0ms)[0m  [1m[34mSELECT COUNT(*) FROM (SELECT 1 AS one FROM "admin_users" LIMIT ? OFFSET ?) subquery_for_count[0m  [["LIMIT", 30], ["OFFSET", 0]]
  [1m[36mAdminUser Load (0.2ms)[0m  [1m[34mSELECT "admin_users".* FROM "admin_users" ORDER BY "admin_users"."id" desc LIMIT ? OFFSET ?[0m  [["LIMIT", 30], ["OFFSET", 0]]
  Rendered /home/proponent/.rvm/gems/ruby-2.7.1/gems/activeadmin-2.8.0/app/views/active_admin/resource/index.html.arb (Duration: 95.6ms | Allocations: 37180)
Completed 200 OK in 103ms (Views: 95.2ms | ActiveRecord: 2.2ms | Allocations: 39332)


Started GET "/admin/dashboard" for ::1 at 2020-09-10 11:24:01 +0530
Processing by Admin::DashboardController#index as HTML
  [1m[36mAdminUser Load (0.2ms)[0m  [1m[34mSELECT "admin_users".* FROM "admin_users" WHERE "admin_users"."id" = ? ORDER BY "admin_users"."id" ASC LIMIT ?[0m  [["id", 1], ["LIMIT", 1]]
  Rendering /home/proponent/.rvm/gems/ruby-2.7.1/gems/activeadmin-2.8.0/app/views/active_admin/page/index.html.arb
  Rendered /home/proponent/.rvm/gems/ruby-2.7.1/gems/activeadmin-2.8.0/app/views/active_admin/page/index.html.arb (Duration: 33.3ms | Allocations: 15549)
Completed 200 OK in 39ms (Views: 34.2ms | ActiveRecord: 0.2ms | Allocations: 17386)


Started GET "/admin" for ::1 at 2020-09-10 11:24:04 +0530
Processing by Admin::DashboardController#index as HTML
  [1m[36mAdminUser Load (0.2ms)[0m  [1m[34mSELECT "admin_users".* FROM "admin_users" WHERE "admin_users"."id" = ? ORDER BY "admin_users"."id" ASC LIMIT ?[0m  [["id", 1], ["LIMIT", 1]]
  Rendering /home/proponent/.rvm/gems/ruby-2.7.1/gems/activeadmin-2.8.0/app/views/active_admin/page/index.html.arb
  Rendered /home/proponent/.rvm/gems/ruby-2.7.1/gems/activeadmin-2.8.0/app/views/active_admin/page/index.html.arb (Duration: 32.2ms | Allocations: 15371)
Completed 200 OK in 38ms (Views: 33.5ms | ActiveRecord: 0.2ms | Allocations: 17218)


Started GET "/admin/admin_users/1" for ::1 at 2020-09-10 11:24:06 +0530
Processing by Admin::AdminUsersController#show as HTML
  Parameters: {"id"=>"1"}
  [1m[36mAdminUser Load (0.2ms)[0m  [1m[34mSELECT "admin_users".* FROM "admin_users" WHERE "admin_users"."id" = ? ORDER BY "admin_users"."id" ASC LIMIT ?[0m  [["id", 1], ["LIMIT", 1]]
  [1m[36mAdminUser Load (0.2ms)[0m  [1m[34mSELECT "admin_users".* FROM "admin_users" WHERE "admin_users"."id" = ? LIMIT ?[0m  [["id", 1], ["LIMIT", 1]]
  Rendering /home/proponent/.rvm/gems/ruby-2.7.1/gems/activeadmin-2.8.0/app/views/active_admin/resource/show.html.arb
  [1m[35m (0.3ms)[0m  [1m[34mSELECT COUNT(*) FROM "active_admin_comments" WHERE "active_admin_comments"."resource_type" = ? AND "active_admin_comments"."resource_id" = ? AND "active_admin_comments"."namespace" = ?[0m  [["resource_type", "AdminUser"], ["resource_id", 1], ["namespace", "admin"]]
  [1m[36mActiveAdmin::Comment Exists? (0.3ms)[0m  [1m[34mSELECT 1 AS one FROM "active_admin_comments" WHERE "active_admin_comments"."resource_type" = ? AND "active_admin_comments"."resource_id" = ? AND "active_admin_comments"."namespace" = ? LIMIT ? OFFSET ?[0m  [["resource_type", "AdminUser"], ["resource_id", 1], ["namespace", "admin"], ["LIMIT", 1], ["OFFSET", 0]]
  Rendered /home/proponent/.rvm/gems/ruby-2.7.1/gems/activeadmin-2.8.0/app/views/active_admin/resource/show.html.arb (Duration: 688.3ms | Allocations: 36606)
Completed 200 OK in 699ms (Views: 691.3ms | ActiveRecord: 1.0ms | Allocations: 40540)


Started GET "/admin/admin_users/1/edit" for ::1 at 2020-09-10 11:24:14 +0530
Processing by Admin::AdminUsersController#edit as HTML
  Parameters: {"id"=>"1"}
  [1m[36mAdminUser Load (0.2ms)[0m  [1m[34mSELECT "admin_users".* FROM "admin_users" WHERE "admin_users"."id" = ? ORDER BY "admin_users"."id" ASC LIMIT ?[0m  [["id", 1], ["LIMIT", 1]]
  [1m[36mAdminUser Load (0.2ms)[0m  [1m[34mSELECT "admin_users".* FROM "admin_users" WHERE "admin_users"."id" = ? LIMIT ?[0m  [["id", 1], ["LIMIT", 1]]
  Rendering /home/proponent/.rvm/gems/ruby-2.7.1/gems/activeadmin-2.8.0/app/views/active_admin/resource/edit.html.arb
  [1m[36mCACHE AdminUser Load (0.0ms)[0m  [1m[34mSELECT "admin_users".* FROM "admin_users" WHERE "admin_users"."id" = ? LIMIT ?[0m  [["id", 1], ["LIMIT", 1]]
  Rendered /home/proponent/.rvm/gems/ruby-2.7.1/gems/activeadmin-2.8.0/app/views/active_admin/resource/edit.html.arb (Duration: 62.1ms | Allocations: 24755)
Completed 200 OK in 76ms (Views: 66.9ms | ActiveRecord: 0.4ms | Allocations: 28545)


Started GET "/admin/logout" for ::1 at 2020-09-10 11:24:17 +0530
Processing by ActiveAdmin::Devise::SessionsController#destroy as HTML
  Parameters: {"authenticity_token"=>"eBBdcK+p4VtbKOVHwtRZSn7wCTMiSBCz5hGpoRNm9S0MrCO43XSPgImtns9Z7csQhrgms3QrVS2geqJEUIvdZw=="}
  [1m[36mAdminUser Load (0.2ms)[0m  [1m[34mSELECT "admin_users".* FROM "admin_users" WHERE "admin_users"."id" = ? ORDER BY "admin_users"."id" ASC LIMIT ?[0m  [["id", 1], ["LIMIT", 1]]
Redirected to http://localhost:3000/admin
Completed 302 Found in 37ms (ActiveRecord: 0.2ms | Allocations: 2554)


Started GET "/admin" for ::1 at 2020-09-10 11:24:17 +0530
Processing by Admin::DashboardController#index as HTML
Completed 401 Unauthorized in 1ms (ActiveRecord: 0.0ms | Allocations: 319)


Started GET "/admin/login" for ::1 at 2020-09-10 11:24:17 +0530
Processing by ActiveAdmin::Devise::SessionsController#new as HTML
  Rendering /home/proponent/.rvm/gems/ruby-2.7.1/gems/activeadmin-2.8.0/app/views/active_admin/devise/sessions/new.html.erb within layouts/active_admin_logged_out
  Rendered /home/proponent/.rvm/gems/ruby-2.7.1/gems/activeadmin-2.8.0/app/views/active_admin/devise/shared/_links.erb (Duration: 0.2ms | Allocations: 97)
  Rendered /home/proponent/.rvm/gems/ruby-2.7.1/gems/activeadmin-2.8.0/app/views/active_admin/devise/sessions/new.html.erb within layouts/active_admin_logged_out (Duration: 5.7ms | Allocations: 5701)
Completed 200 OK in 31ms (Views: 28.3ms | ActiveRecord: 0.0ms | Allocations: 18817)


Started GET "/" for ::1 at 2020-09-10 11:24:24 +0530
Processing by WelcomeController#index as HTML
  Rendering welcome/index.html.erb within layouts/application
  Rendered welcome/index.html.erb within layouts/application (Duration: 64.5ms | Allocations: 76)
[Webpacker] Everything's up-to-date. Nothing to do
Completed 200 OK in 269ms (Views: 267.4ms | ActiveRecord: 0.0ms | Allocations: 6510)


Started GET "/show" for ::1 at 2020-09-10 11:24:31 +0530
  
ActionController::RoutingError (No route matches [GET] "/show"):
  
actionpack (6.0.3.3) lib/action_dispatch/middleware/debug_exceptions.rb:36:in `call'
web-console (4.0.4) lib/web_console/middleware.rb:132:in `call_app'
web-console (4.0.4) lib/web_console/middleware.rb:28:in `block in call'
web-console (4.0.4) lib/web_console/middleware.rb:17:in `catch'
web-console (4.0.4) lib/web_console/middleware.rb:17:in `call'
actionpack (6.0.3.3) lib/action_dispatch/middleware/show_exceptions.rb:33:in `call'
railties (6.0.3.3) lib/rails/rack/logger.rb:37:in `call_app'
railties (6.0.3.3) lib/rails/rack/logger.rb:26:in `block in call'
activesupport (6.0.3.3) lib/active_support/tagged_logging.rb:80:in `block in tagged'
activesupport (6.0.3.3) lib/active_support/tagged_logging.rb:28:in `tagged'
activesupport (6.0.3.3) lib/active_support/tagged_logging.rb:80:in `tagged'
railties (6.0.3.3) lib/rails/rack/logger.rb:26:in `call'
sprockets-rails (3.2.1) lib/sprockets/rails/quiet_assets.rb:13:in `call'
actionpack (6.0.3.3) lib/action_dispatch/middleware/remote_ip.rb:81:in `call'
actionpack (6.0.3.3) lib/action_dispatch/middleware/request_id.rb:27:in `call'
rack (2.2.3) lib/rack/method_override.rb:24:in `call'
rack (2.2.3) lib/rack/runtime.rb:22:in `call'
activesupport (6.0.3.3) lib/active_support/cache/strategy/local_cache_middleware.rb:29:in `call'
actionpack (6.0.3.3) lib/action_dispatch/middleware/executor.rb:14:in `call'
actionpack (6.0.3.3) lib/action_dispatch/middleware/static.rb:126:in `call'
rack (2.2.3) lib/rack/sendfile.rb:110:in `call'
actionpack (6.0.3.3) lib/action_dispatch/middleware/host_authorization.rb:82:in `call'
webpacker (4.3.0) lib/webpacker/dev_server_proxy.rb:23:in `perform_request'
rack-proxy (0.6.5) lib/rack/proxy.rb:57:in `call'
railties (6.0.3.3) lib/rails/engine.rb:527:in `call'
puma (4.3.6) lib/puma/configuration.rb:228:in `call'
puma (4.3.6) lib/puma/server.rb:713:in `handle_request'
puma (4.3.6) lib/puma/server.rb:472:in `process_client'
puma (4.3.6) lib/puma/server.rb:328:in `block in run'
puma (4.3.6) lib/puma/thread_pool.rb:134:in `block in spawn_thread'
Started GET "/welcome/show" for ::1 at 2020-09-10 11:24:43 +0530
Processing by WelcomeController#show as HTML
  Rendering welcome/show.html.erb within layouts/application
  Rendered welcome/show.html.erb within layouts/application (Duration: 45.4ms | Allocations: 78)
[Webpacker] Everything's up-to-date. Nothing to do
Completed 200 OK in 67ms (Views: 65.5ms | ActiveRecord: 0.0ms | Allocations: 5297)


Started GET "/welcome/show" for ::1 at 2020-09-10 11:38:25 +0530
  [1m[35m (0.8ms)[0m  [1m[34mSELECT sqlite_version(*)[0m
  [1m[35m (0.2ms)[0m  [1m[34mSELECT "schema_migrations"."version" FROM "schema_migrations" ORDER BY "schema_migrations"."version" ASC[0m
Processing by WelcomeController#show as HTML
  Rendering welcome/show.html.erb within layouts/application
  Rendered welcome/show.html.erb within layouts/application (Duration: 15.2ms | Allocations: 186)
[Webpacker] Everything's up-to-date. Nothing to do
Completed 200 OK in 366ms (Views: 322.6ms | ActiveRecord: 0.0ms | Allocations: 24034)


  [1m[35m (9.4ms)[0m  [1m[34mSELECT sqlite_version(*)[0m
  [1m[35m (0.1ms)[0m  [1m[36mbegin transaction[0m
  [1m[36mProduct Create (46.6ms)[0m  [1m[32mINSERT INTO "products" ("name", "price_cents") VALUES (?, ?)[0m  [["name", "Awesome T-Shirt"], ["price_cents", 3000]]
  [1m[35m (89.3ms)[0m  [1m[36mcommit transaction[0m
  [1m[35m (0.1ms)[0m  [1m[36mbegin transaction[0m
  [1m[36mProduct Create (0.4ms)[0m  [1m[32mINSERT INTO "products" ("name", "price_cents") VALUES (?, ?)[0m  [["name", "Awesome Sneakers"], ["price_cents", 5000]]
  [1m[35m (107.4ms)[0m  [1m[36mcommit transaction[0m
